[0.667s] Invoking command in '/home/quang/ros2_robotics_cpp/src/pub_plot/src/py_plotting': PYTHONPATH=/home/quang/ros2_robotics_cpp/src/pub_plot/build/py_plotting/prefix_override:/home/quang/ros2_robotics_cpp/src/pub_plot/install/py_plotting/lib/python3.10/site-packages:${PYTHONPATH} /usr/bin/python3 setup.py egg_info --egg-base ../../build/py_plotting build --build-base /home/quang/ros2_robotics_cpp/src/pub_plot/build/py_plotting/build install --record /home/quang/ros2_robotics_cpp/src/pub_plot/build/py_plotting/install.log --single-version-externally-managed
[0.923s] running egg_info
[0.924s] writing ../../build/py_plotting/py_plotting.egg-info/PKG-INFO
[0.924s] writing dependency_links to ../../build/py_plotting/py_plotting.egg-info/dependency_links.txt
[0.924s] writing entry points to ../../build/py_plotting/py_plotting.egg-info/entry_points.txt
[0.925s] writing requirements to ../../build/py_plotting/py_plotting.egg-info/requires.txt
[0.925s] writing top-level names to ../../build/py_plotting/py_plotting.egg-info/top_level.txt
[0.926s] reading manifest file '../../build/py_plotting/py_plotting.egg-info/SOURCES.txt'
[0.927s] writing manifest file '../../build/py_plotting/py_plotting.egg-info/SOURCES.txt'
[0.927s] running build
[0.927s] running build_py
[0.927s] copying py_plotting/sin_plotting.py -> /home/quang/ros2_robotics_cpp/src/pub_plot/build/py_plotting/build/lib/py_plotting
[0.927s] running install
[0.928s] running install_lib
[0.928s] copying /home/quang/ros2_robotics_cpp/src/pub_plot/build/py_plotting/build/lib/py_plotting/sin_plotting.py -> /home/quang/ros2_robotics_cpp/src/pub_plot/install/py_plotting/lib/python3.10/site-packages/py_plotting
[0.929s] byte-compiling /home/quang/ros2_robotics_cpp/src/pub_plot/install/py_plotting/lib/python3.10/site-packages/py_plotting/sin_plotting.py to sin_plotting.cpython-310.pyc
[0.929s] running install_data
[0.929s] running install_egg_info
[0.931s] removing '/home/quang/ros2_robotics_cpp/src/pub_plot/install/py_plotting/lib/python3.10/site-packages/py_plotting-0.0.0-py3.10.egg-info' (and everything under it)
[0.931s] Copying ../../build/py_plotting/py_plotting.egg-info to /home/quang/ros2_robotics_cpp/src/pub_plot/install/py_plotting/lib/python3.10/site-packages/py_plotting-0.0.0-py3.10.egg-info
[0.932s] running install_scripts
[0.951s] Installing sin_plotting script to /home/quang/ros2_robotics_cpp/src/pub_plot/install/py_plotting/lib/py_plotting
[0.952s] writing list of installed files to '/home/quang/ros2_robotics_cpp/src/pub_plot/build/py_plotting/install.log'
[0.983s] Invoked command in '/home/quang/ros2_robotics_cpp/src/pub_plot/src/py_plotting' returned '0': PYTHONPATH=/home/quang/ros2_robotics_cpp/src/pub_plot/build/py_plotting/prefix_override:/home/quang/ros2_robotics_cpp/src/pub_plot/install/py_plotting/lib/python3.10/site-packages:${PYTHONPATH} /usr/bin/python3 setup.py egg_info --egg-base ../../build/py_plotting build --build-base /home/quang/ros2_robotics_cpp/src/pub_plot/build/py_plotting/build install --record /home/quang/ros2_robotics_cpp/src/pub_plot/build/py_plotting/install.log --single-version-externally-managed
