[0.028s] Invoking command in '/home/quang/ros2_robotics_cpp/src/pub_plot/build/pub_cpp': CMAKE_PREFIX_PATH=${CMAKE_PREFIX_PATH}:/home/quang/ros2_robotics_cpp/src/pub_plot/install/py_plotting /usr/bin/cmake --build /home/quang/ros2_robotics_cpp/src/pub_plot/build/pub_cpp -- -j8 -l8
[0.048s] -- Found ament_cmake: 1.3.3 (/opt/ros/humble/share/ament_cmake/cmake)
[0.190s] Traceback (most recent call last):
[0.190s]   File "/opt/ros/humble/share/ament_cmake_core/cmake/package_templates/templates_2_cmake.py", line 21, in <module>
[0.190s]     from ament_package.templates import get_environment_hook_template_path
[0.190s] ModuleNotFoundError: No module named 'ament_package'
[0.202s] [31mCMake Error at /opt/ros/humble/share/ament_cmake_core/cmake/ament_cmake_package_templates-extras.cmake:41 (message):
[0.202s]   execute_process(/usr/bin/python3.10
[0.202s]   /opt/ros/humble/share/ament_cmake_core/cmake/package_templates/templates_2_cmake.py
[0.202s]   /home/quang/ros2_robotics_cpp/src/pub_plot/build/pub_cpp/ament_cmake_package_templates/templates.cmake)
[0.203s]   returned error code 1
[0.203s] Call Stack (most recent call first):
[0.203s]   /opt/ros/humble/share/ament_cmake_core/cmake/ament_cmake_coreConfig.cmake:41 (include)
[0.203s]   /opt/ros/humble/share/ament_cmake/cmake/ament_cmake_export_dependencies-extras.cmake:15 (find_package)
[0.203s]   /opt/ros/humble/share/ament_cmake/cmake/ament_cmakeConfig.cmake:41 (include)
[0.203s]   CMakeLists.txt:9 (find_package)
[0.203s] 
[0.203s] [0m
[0.203s] -- Configuring incomplete, errors occurred!
[0.203s] See also "/home/quang/ros2_robotics_cpp/src/pub_plot/build/pub_cpp/CMakeFiles/CMakeOutput.log".
[0.204s] gmake: *** [Makefile:267: cmake_check_build_system] Error 1
[0.271s] Invoked command in '/home/quang/ros2_robotics_cpp/src/pub_plot/build/pub_cpp' returned '2': CMAKE_PREFIX_PATH=${CMAKE_PREFIX_PATH}:/home/quang/ros2_robotics_cpp/src/pub_plot/install/py_plotting /usr/bin/cmake --build /home/quang/ros2_robotics_cpp/src/pub_plot/build/pub_cpp -- -j8 -l8
