[0.711s] Invoking command in '/home/quang/ros2_robotics_cpp/pub_plot/src/py_plotting': PYTHONPATH=/home/quang/ros2_robotics_cpp/pub_plot/build/py_plotting/prefix_override:/home/quang/ros2_robotics_cpp/pub_plot/install/py_plotting/lib/python3.10/site-packages:${PYTHONPATH} /usr/bin/python3 setup.py egg_info --egg-base ../../build/py_plotting build --build-base /home/quang/ros2_robotics_cpp/pub_plot/build/py_plotting/build install --record /home/quang/ros2_robotics_cpp/pub_plot/build/py_plotting/install.log --single-version-externally-managed
[1.017s] running egg_info
[1.018s] writing ../../build/py_plotting/py_plotting.egg-info/PKG-INFO
[1.018s] writing dependency_links to ../../build/py_plotting/py_plotting.egg-info/dependency_links.txt
[1.018s] writing entry points to ../../build/py_plotting/py_plotting.egg-info/entry_points.txt
[1.019s] writing requirements to ../../build/py_plotting/py_plotting.egg-info/requires.txt
[1.019s] writing top-level names to ../../build/py_plotting/py_plotting.egg-info/top_level.txt
[1.021s] reading manifest file '../../build/py_plotting/py_plotting.egg-info/SOURCES.txt'
[1.021s] writing manifest file '../../build/py_plotting/py_plotting.egg-info/SOURCES.txt'
[1.022s] running build
[1.022s] running build_py
[1.022s] running install
[1.022s] running install_lib
[1.023s] running install_data
[1.024s] running install_egg_info
[1.025s] removing '/home/quang/ros2_robotics_cpp/pub_plot/install/py_plotting/lib/python3.10/site-packages/py_plotting-0.0.0-py3.10.egg-info' (and everything under it)
[1.026s] Copying ../../build/py_plotting/py_plotting.egg-info to /home/quang/ros2_robotics_cpp/pub_plot/install/py_plotting/lib/python3.10/site-packages/py_plotting-0.0.0-py3.10.egg-info
[1.027s] running install_scripts
[1.047s] Installing sin_plotting script to /home/quang/ros2_robotics_cpp/pub_plot/install/py_plotting/lib/py_plotting
[1.047s] writing list of installed files to '/home/quang/ros2_robotics_cpp/pub_plot/build/py_plotting/install.log'
[1.079s] Invoked command in '/home/quang/ros2_robotics_cpp/pub_plot/src/py_plotting' returned '0': PYTHONPATH=/home/quang/ros2_robotics_cpp/pub_plot/build/py_plotting/prefix_override:/home/quang/ros2_robotics_cpp/pub_plot/install/py_plotting/lib/python3.10/site-packages:${PYTHONPATH} /usr/bin/python3 setup.py egg_info --egg-base ../../build/py_plotting build --build-base /home/quang/ros2_robotics_cpp/pub_plot/build/py_plotting/build install --record /home/quang/ros2_robotics_cpp/pub_plot/build/py_plotting/install.log --single-version-externally-managed
