running egg_info
writing ../../build/py_plotting/py_plotting.egg-info/PKG-INFO
writing dependency_links to ../../build/py_plotting/py_plotting.egg-info/dependency_links.txt
writing entry points to ../../build/py_plotting/py_plotting.egg-info/entry_points.txt
writing requirements to ../../build/py_plotting/py_plotting.egg-info/requires.txt
writing top-level names to ../../build/py_plotting/py_plotting.egg-info/top_level.txt
reading manifest file '../../build/py_plotting/py_plotting.egg-info/SOURCES.txt'
writing manifest file '../../build/py_plotting/py_plotting.egg-info/SOURCES.txt'
running build
running build_py
copying py_plotting/sin_plotting.py -> /home/quang/ros2_robotics_cpp/pub_plot/build/py_plotting/build/lib/py_plotting
running install
running install_lib
copying /home/quang/ros2_robotics_cpp/pub_plot/build/py_plotting/build/lib/py_plotting/sin_plotting.py -> /home/quang/ros2_robotics_cpp/pub_plot/install/py_plotting/lib/python3.10/site-packages/py_plotting
byte-compiling /home/quang/ros2_robotics_cpp/pub_plot/install/py_plotting/lib/python3.10/site-packages/py_plotting/sin_plotting.py to sin_plotting.cpython-310.pyc
running install_data
running install_egg_info
removing '/home/quang/ros2_robotics_cpp/pub_plot/install/py_plotting/lib/python3.10/site-packages/py_plotting-0.0.0-py3.10.egg-info' (and everything under it)
Copying ../../build/py_plotting/py_plotting.egg-info to /home/quang/ros2_robotics_cpp/pub_plot/install/py_plotting/lib/python3.10/site-packages/py_plotting-0.0.0-py3.10.egg-info
running install_scripts
Installing sin_plotting script to /home/quang/ros2_robotics_cpp/pub_plot/install/py_plotting/lib/py_plotting
writing list of installed files to '/home/quang/ros2_robotics_cpp/pub_plot/build/py_plotting/install.log'
