[0.712s] Invoking command in '/home/quang/ros2_robotics_cpp/pub_plot/src/py_plotting': PYTHONPATH=/home/quang/ros2_robotics_cpp/pub_plot/build/py_plotting/prefix_override:/home/quang/ros2_robotics_cpp/pub_plot/install/py_plotting/lib/python3.10/site-packages:${PYTHONPATH} /usr/bin/python3 setup.py egg_info --egg-base ../../build/py_plotting build --build-base /home/quang/ros2_robotics_cpp/pub_plot/build/py_plotting/build install --record /home/quang/ros2_robotics_cpp/pub_plot/build/py_plotting/install.log --single-version-externally-managed
[0.980s] running egg_info
[0.980s] writing ../../build/py_plotting/py_plotting.egg-info/PKG-INFO
[0.980s] writing dependency_links to ../../build/py_plotting/py_plotting.egg-info/dependency_links.txt
[0.981s] writing entry points to ../../build/py_plotting/py_plotting.egg-info/entry_points.txt
[0.981s] writing requirements to ../../build/py_plotting/py_plotting.egg-info/requires.txt
[0.981s] writing top-level names to ../../build/py_plotting/py_plotting.egg-info/top_level.txt
[0.982s] reading manifest file '../../build/py_plotting/py_plotting.egg-info/SOURCES.txt'
[0.983s] writing manifest file '../../build/py_plotting/py_plotting.egg-info/SOURCES.txt'
[0.983s] running build
[0.983s] running build_py
[0.983s] copying py_plotting/sin_plotting.py -> /home/quang/ros2_robotics_cpp/pub_plot/build/py_plotting/build/lib/py_plotting
[0.983s] running install
[0.984s] running install_lib
[0.984s] copying /home/quang/ros2_robotics_cpp/pub_plot/build/py_plotting/build/lib/py_plotting/sin_plotting.py -> /home/quang/ros2_robotics_cpp/pub_plot/install/py_plotting/lib/python3.10/site-packages/py_plotting
[0.985s] byte-compiling /home/quang/ros2_robotics_cpp/pub_plot/install/py_plotting/lib/python3.10/site-packages/py_plotting/sin_plotting.py to sin_plotting.cpython-310.pyc
[0.985s] running install_data
[0.986s] running install_egg_info
[0.987s] removing '/home/quang/ros2_robotics_cpp/pub_plot/install/py_plotting/lib/python3.10/site-packages/py_plotting-0.0.0-py3.10.egg-info' (and everything under it)
[0.987s] Copying ../../build/py_plotting/py_plotting.egg-info to /home/quang/ros2_robotics_cpp/pub_plot/install/py_plotting/lib/python3.10/site-packages/py_plotting-0.0.0-py3.10.egg-info
[0.988s] running install_scripts
[1.007s] Installing sin_plotting script to /home/quang/ros2_robotics_cpp/pub_plot/install/py_plotting/lib/py_plotting
[1.007s] writing list of installed files to '/home/quang/ros2_robotics_cpp/pub_plot/build/py_plotting/install.log'
[1.038s] Invoked command in '/home/quang/ros2_robotics_cpp/pub_plot/src/py_plotting' returned '0': PYTHONPATH=/home/quang/ros2_robotics_cpp/pub_plot/build/py_plotting/prefix_override:/home/quang/ros2_robotics_cpp/pub_plot/install/py_plotting/lib/python3.10/site-packages:${PYTHONPATH} /usr/bin/python3 setup.py egg_info --egg-base ../../build/py_plotting build --build-base /home/quang/ros2_robotics_cpp/pub_plot/build/py_plotting/build install --record /home/quang/ros2_robotics_cpp/pub_plot/build/py_plotting/install.log --single-version-externally-managed
