[0.026s] Invoking command in '/home/quang/ros2_robotics_cpp/pub_plot/build/pub_cpp': CMAKE_PREFIX_PATH=${CMAKE_PREFIX_PATH}:/home/quang/ros2_robotics_cpp/pub_plot/install/py_plotting /usr/bin/cmake /home/quang/ros2_robotics_cpp/pub_plot/src/pub_cpp -DCMAKE_INSTALL_PREFIX=/home/quang/ros2_robotics_cpp/pub_plot/install/pub_cpp
[0.081s] -- The C compiler identification is GNU 11.3.0
[0.133s] -- The CXX compiler identification is GNU 11.3.0
[0.140s] -- Detecting C compiler ABI info
[0.198s] -- Detecting C compiler ABI info - done
[0.206s] -- Check for working C compiler: /usr/bin/cc - skipped
[0.206s] -- Detecting C compile features
[0.206s] -- Detecting C compile features - done
[0.209s] -- Detecting CXX compiler ABI info
[0.281s] -- Detecting CXX compiler ABI info - done
[0.288s] -- Check for working CXX compiler: /usr/bin/c++ - skipped
[0.289s] -- Detecting CXX compile features
[0.289s] -- Detecting CXX compile features - done
[0.298s] [31mCMake Error at CMakeLists.txt:9 (find_package):
[0.298s]   By not providing "Findament_cmake.cmake" in CMAKE_MODULE_PATH this project
[0.298s]   has asked CMake to find a package configuration file provided by
[0.298s]   "ament_cmake", but CMake did not find one.
[0.298s] 
[0.298s]   Could not find a package configuration file provided by "ament_cmake" with
[0.298s]   any of the following names:
[0.298s] 
[0.298s]     ament_cmakeConfig.cmake
[0.298s]     ament_cmake-config.cmake
[0.298s] 
[0.298s]   Add the installation prefix of "ament_cmake" to CMAKE_PREFIX_PATH or set
[0.298s]   "ament_cmake_DIR" to a directory containing one of the above files.  If
[0.298s]   "ament_cmake" provides a separate development package or SDK, be sure it
[0.298s]   has been installed.
[0.298s] 
[0.298s] [0m
[0.298s] -- Configuring incomplete, errors occurred!
[0.299s] See also "/home/quang/ros2_robotics_cpp/pub_plot/build/pub_cpp/CMakeFiles/CMakeOutput.log".
[0.301s] Invoked command in '/home/quang/ros2_robotics_cpp/pub_plot/build/pub_cpp' returned '1': CMAKE_PREFIX_PATH=${CMAKE_PREFIX_PATH}:/home/quang/ros2_robotics_cpp/pub_plot/install/py_plotting /usr/bin/cmake /home/quang/ros2_robotics_cpp/pub_plot/src/pub_cpp -DCMAKE_INSTALL_PREFIX=/home/quang/ros2_robotics_cpp/pub_plot/install/pub_cpp
