-- Found ament_cmake: 1.3.3 (/opt/ros/humble/share/ament_cmake/cmake)
-- Found rclcpp: 16.0.2 (/opt/ros/humble/share/rclcpp/cmake)
-- Found rosidl_generator_c: 3.1.4 (/opt/ros/humble/share/rosidl_generator_c/cmake)
-- Found rosidl_adapter: 3.1.4 (/opt/ros/humble/share/rosidl_adapter/cmake)
-- Found rosidl_generator_cpp: 3.1.4 (/opt/ros/humble/share/rosidl_generator_cpp/cmake)
-- Using all available rosidl_typesupport_c: rosidl_typesupport_fastrtps_c;rosidl_typesupport_introspection_c
-- Using all available rosidl_typesupport_cpp: rosidl_typesupport_fastrtps_cpp;rosidl_typesupport_introspection_cpp
-- Found rmw_implementation_cmake: 6.1.1 (/opt/ros/humble/share/rmw_implementation_cmake/cmake)
-- Found rmw_fastrtps_cpp: 6.2.2 (/opt/ros/humble/share/rmw_fastrtps_cpp/cmake)
-- Using RMW implementation 'rmw_fastrtps_cpp' as default
-- Found ament_lint_auto: 0.12.4 (/opt/ros/humble/share/ament_lint_auto/cmake)
-- Added test 'cppcheck' to perform static code analysis on C / C++ code
-- Configured cppcheck include dirs: 
-- Configured cppcheck exclude dirs and/or files: 
-- Added test 'flake8' to check Python code syntax and style conventions
-- Added test 'lint_cmake' to check CMake code style
-- Added test 'pep257' to check Python code against some of the docstring style conventions in PEP 257
-- Added test 'uncrustify' to check C / C++ code style
-- Configured uncrustify additional arguments: 
-- Added test 'xmllint' to check XML markup files
-- Configuring done
-- Generating done
-- Build files have been written to: /home/quang/ros2_robotics_cpp/pub_plot/build/pub_cpp
[35m[1mConsolidate compiler generated dependencies of target sin_pub[0m
[ 50%] [32mBuilding CXX object CMakeFiles/sin_pub.dir/src/sin_pub.cpp.o[0m
[100%] [32m[1mLinking CXX executable sin_pub[0m
[100%] Built target sin_pub
-- Install configuration: ""
-- Installing: /home/quang/ros2_robotics_cpp/pub_plot/install/pub_cpp/lib/pub_cpp/sin_pub
-- Set runtime path of "/home/quang/ros2_robotics_cpp/pub_plot/install/pub_cpp/lib/pub_cpp/sin_pub" to ""
-- Up-to-date: /home/quang/ros2_robotics_cpp/pub_plot/install/pub_cpp/share/pub_cpp/launch
-- Installing: /home/quang/ros2_robotics_cpp/pub_plot/install/pub_cpp/share/pub_cpp/launch/sin_signal_plot.launch.py
-- Up-to-date: /home/quang/ros2_robotics_cpp/pub_plot/install/pub_cpp/share/ament_index/resource_index/package_run_dependencies/pub_cpp
-- Up-to-date: /home/quang/ros2_robotics_cpp/pub_plot/install/pub_cpp/share/ament_index/resource_index/parent_prefix_path/pub_cpp
-- Up-to-date: /home/quang/ros2_robotics_cpp/pub_plot/install/pub_cpp/share/pub_cpp/environment/ament_prefix_path.sh
-- Installing: /home/quang/ros2_robotics_cpp/pub_plot/install/pub_cpp/share/pub_cpp/environment/ament_prefix_path.dsv
-- Up-to-date: /home/quang/ros2_robotics_cpp/pub_plot/install/pub_cpp/share/pub_cpp/environment/path.sh
-- Installing: /home/quang/ros2_robotics_cpp/pub_plot/install/pub_cpp/share/pub_cpp/environment/path.dsv
-- Up-to-date: /home/quang/ros2_robotics_cpp/pub_plot/install/pub_cpp/share/pub_cpp/local_setup.bash
-- Up-to-date: /home/quang/ros2_robotics_cpp/pub_plot/install/pub_cpp/share/pub_cpp/local_setup.sh
-- Up-to-date: /home/quang/ros2_robotics_cpp/pub_plot/install/pub_cpp/share/pub_cpp/local_setup.zsh
-- Installing: /home/quang/ros2_robotics_cpp/pub_plot/install/pub_cpp/share/pub_cpp/local_setup.dsv
-- Installing: /home/quang/ros2_robotics_cpp/pub_plot/install/pub_cpp/share/pub_cpp/package.dsv
-- Up-to-date: /home/quang/ros2_robotics_cpp/pub_plot/install/pub_cpp/share/ament_index/resource_index/packages/pub_cpp
-- Up-to-date: /home/quang/ros2_robotics_cpp/pub_plot/install/pub_cpp/share/pub_cpp/cmake/pub_cppConfig.cmake
-- Up-to-date: /home/quang/ros2_robotics_cpp/pub_plot/install/pub_cpp/share/pub_cpp/cmake/pub_cppConfig-version.cmake
-- Up-to-date: /home/quang/ros2_robotics_cpp/pub_plot/install/pub_cpp/share/pub_cpp/package.xml
