[0.034s] Invoking command in '/home/quang/ros2_robotics_cpp/pub_plot/build/pub_cpp': CMAKE_PREFIX_PATH=${CMAKE_PREFIX_PATH}:/opt/ros/humble:/home/quang/ros2_robotics_cpp/pub_plot/install/py_plotting /usr/bin/cmake --build /home/quang/ros2_robotics_cpp/pub_plot/build/pub_cpp -- -j8 -l8
[0.053s] -- Found ament_cmake: 1.3.3 (/opt/ros/humble/share/ament_cmake/cmake)
[0.189s] -- Found rclcpp: 16.0.2 (/opt/ros/humble/share/rclcpp/cmake)
[0.220s] -- Found rosidl_generator_c: 3.1.4 (/opt/ros/humble/share/rosidl_generator_c/cmake)
[0.222s] -- Found rosidl_adapter: 3.1.4 (/opt/ros/humble/share/rosidl_adapter/cmake)
[0.228s] -- Found rosidl_generator_cpp: 3.1.4 (/opt/ros/humble/share/rosidl_generator_cpp/cmake)
[0.240s] -- Using all available rosidl_typesupport_c: rosidl_typesupport_fastrtps_c;rosidl_typesupport_introspection_c
[0.256s] -- Using all available rosidl_typesupport_cpp: rosidl_typesupport_fastrtps_cpp;rosidl_typesupport_introspection_cpp
[0.315s] -- Found rmw_implementation_cmake: 6.1.1 (/opt/ros/humble/share/rmw_implementation_cmake/cmake)
[0.316s] -- Found rmw_fastrtps_cpp: 6.2.2 (/opt/ros/humble/share/rmw_fastrtps_cpp/cmake)
[0.430s] -- Using RMW implementation 'rmw_fastrtps_cpp' as default
[0.591s] -- Found ament_lint_auto: 0.12.4 (/opt/ros/humble/share/ament_lint_auto/cmake)
[0.660s] -- Added test 'cppcheck' to perform static code analysis on C / C++ code
[0.660s] -- Configured cppcheck include dirs: 
[0.660s] -- Configured cppcheck exclude dirs and/or files: 
[0.660s] -- Added test 'flake8' to check Python code syntax and style conventions
[0.660s] -- Added test 'lint_cmake' to check CMake code style
[0.661s] -- Added test 'pep257' to check Python code against some of the docstring style conventions in PEP 257
[0.662s] -- Added test 'uncrustify' to check C / C++ code style
[0.662s] -- Configured uncrustify additional arguments: 
[0.662s] -- Added test 'xmllint' to check XML markup files
[0.663s] -- Configuring done
[0.672s] -- Generating done
[0.673s] -- Build files have been written to: /home/quang/ros2_robotics_cpp/pub_plot/build/pub_cpp
[0.701s] [35m[1mConsolidate compiler generated dependencies of target sin_pub[0m
[0.717s] [100%] Built target sin_pub
[0.727s] Invoked command in '/home/quang/ros2_robotics_cpp/pub_plot/build/pub_cpp' returned '0': CMAKE_PREFIX_PATH=${CMAKE_PREFIX_PATH}:/opt/ros/humble:/home/quang/ros2_robotics_cpp/pub_plot/install/py_plotting /usr/bin/cmake --build /home/quang/ros2_robotics_cpp/pub_plot/build/pub_cpp -- -j8 -l8
[0.758s] Invoking command in '/home/quang/ros2_robotics_cpp/pub_plot/build/pub_cpp': CMAKE_PREFIX_PATH=${CMAKE_PREFIX_PATH}:/opt/ros/humble:/home/quang/ros2_robotics_cpp/pub_plot/install/py_plotting /usr/bin/cmake --install /home/quang/ros2_robotics_cpp/pub_plot/build/pub_cpp
[0.764s] -- Install configuration: ""
[0.764s] -- Up-to-date: /home/quang/ros2_robotics_cpp/pub_plot/install/pub_cpp/lib/pub_cpp/sin_pub
[0.764s] -- Up-to-date: /home/quang/ros2_robotics_cpp/pub_plot/install/pub_cpp/share/pub_cpp/launch
[0.764s] -- Up-to-date: /home/quang/ros2_robotics_cpp/pub_plot/install/pub_cpp/share/pub_cpp/launch/sin_signal_plot.launch.py
[0.765s] -- Up-to-date: /home/quang/ros2_robotics_cpp/pub_plot/install/pub_cpp/share/ament_index/resource_index/package_run_dependencies/pub_cpp
[0.765s] -- Up-to-date: /home/quang/ros2_robotics_cpp/pub_plot/install/pub_cpp/share/ament_index/resource_index/parent_prefix_path/pub_cpp
[0.765s] -- Up-to-date: /home/quang/ros2_robotics_cpp/pub_plot/install/pub_cpp/share/pub_cpp/environment/ament_prefix_path.sh
[0.765s] -- Installing: /home/quang/ros2_robotics_cpp/pub_plot/install/pub_cpp/share/pub_cpp/environment/ament_prefix_path.dsv
[0.765s] -- Up-to-date: /home/quang/ros2_robotics_cpp/pub_plot/install/pub_cpp/share/pub_cpp/environment/path.sh
[0.765s] -- Installing: /home/quang/ros2_robotics_cpp/pub_plot/install/pub_cpp/share/pub_cpp/environment/path.dsv
[0.765s] -- Up-to-date: /home/quang/ros2_robotics_cpp/pub_plot/install/pub_cpp/share/pub_cpp/local_setup.bash
[0.765s] -- Up-to-date: /home/quang/ros2_robotics_cpp/pub_plot/install/pub_cpp/share/pub_cpp/local_setup.sh
[0.765s] -- Up-to-date: /home/quang/ros2_robotics_cpp/pub_plot/install/pub_cpp/share/pub_cpp/local_setup.zsh
[0.765s] -- Installing: /home/quang/ros2_robotics_cpp/pub_plot/install/pub_cpp/share/pub_cpp/local_setup.dsv
[0.765s] -- Installing: /home/quang/ros2_robotics_cpp/pub_plot/install/pub_cpp/share/pub_cpp/package.dsv
[0.766s] -- Up-to-date: /home/quang/ros2_robotics_cpp/pub_plot/install/pub_cpp/share/ament_index/resource_index/packages/pub_cpp
[0.766s] -- Up-to-date: /home/quang/ros2_robotics_cpp/pub_plot/install/pub_cpp/share/pub_cpp/cmake/pub_cppConfig.cmake
[0.766s] -- Up-to-date: /home/quang/ros2_robotics_cpp/pub_plot/install/pub_cpp/share/pub_cpp/cmake/pub_cppConfig-version.cmake
[0.766s] -- Installing: /home/quang/ros2_robotics_cpp/pub_plot/install/pub_cpp/share/pub_cpp/package.xml
[0.768s] Invoked command in '/home/quang/ros2_robotics_cpp/pub_plot/build/pub_cpp' returned '0': CMAKE_PREFIX_PATH=${CMAKE_PREFIX_PATH}:/opt/ros/humble:/home/quang/ros2_robotics_cpp/pub_plot/install/py_plotting /usr/bin/cmake --install /home/quang/ros2_robotics_cpp/pub_plot/build/pub_cpp
