[0.676s] Invoking command in '/home/quang/ros2_robotics_cpp/src/pub_plot/src/py_plotting': PYTHONPATH=/home/quang/ros2_robotics_cpp/src/pub_plot/build/py_plotting/prefix_override:/home/quang/ros2_robotics_cpp/src/pub_plot/install/py_plotting/lib/python3.10/site-packages:${PYTHONPATH} /usr/bin/python3 setup.py egg_info --egg-base ../../build/py_plotting build --build-base /home/quang/ros2_robotics_cpp/src/pub_plot/build/py_plotting/build install --record /home/quang/ros2_robotics_cpp/src/pub_plot/build/py_plotting/install.log --single-version-externally-managed
[0.967s] running egg_info
[0.967s] writing ../../build/py_plotting/py_plotting.egg-info/PKG-INFO
[0.968s] writing dependency_links to ../../build/py_plotting/py_plotting.egg-info/dependency_links.txt
[0.968s] writing entry points to ../../build/py_plotting/py_plotting.egg-info/entry_points.txt
[0.968s] writing requirements to ../../build/py_plotting/py_plotting.egg-info/requires.txt
[0.968s] writing top-level names to ../../build/py_plotting/py_plotting.egg-info/top_level.txt
[0.970s] reading manifest file '../../build/py_plotting/py_plotting.egg-info/SOURCES.txt'
[0.970s] writing manifest file '../../build/py_plotting/py_plotting.egg-info/SOURCES.txt'
[0.970s] running build
[0.971s] running build_py
[0.971s] running install
[0.971s] running install_lib
[0.972s] running install_data
[0.972s] running install_egg_info
[0.974s] removing '/home/quang/ros2_robotics_cpp/src/pub_plot/install/py_plotting/lib/python3.10/site-packages/py_plotting-0.0.0-py3.10.egg-info' (and everything under it)
[0.974s] Copying ../../build/py_plotting/py_plotting.egg-info to /home/quang/ros2_robotics_cpp/src/pub_plot/install/py_plotting/lib/python3.10/site-packages/py_plotting-0.0.0-py3.10.egg-info
[0.975s] running install_scripts
[0.993s] Installing sin_plotting script to /home/quang/ros2_robotics_cpp/src/pub_plot/install/py_plotting/lib/py_plotting
[0.994s] writing list of installed files to '/home/quang/ros2_robotics_cpp/src/pub_plot/build/py_plotting/install.log'
[1.025s] Invoked command in '/home/quang/ros2_robotics_cpp/src/pub_plot/src/py_plotting' returned '0': PYTHONPATH=/home/quang/ros2_robotics_cpp/src/pub_plot/build/py_plotting/prefix_override:/home/quang/ros2_robotics_cpp/src/pub_plot/install/py_plotting/lib/python3.10/site-packages:${PYTHONPATH} /usr/bin/python3 setup.py egg_info --egg-base ../../build/py_plotting build --build-base /home/quang/ros2_robotics_cpp/src/pub_plot/build/py_plotting/build install --record /home/quang/ros2_robotics_cpp/src/pub_plot/build/py_plotting/install.log --single-version-externally-managed
