[0.741s] Invoking command in '/home/quang/ros2_robotics_cpp/pub_plot/src/py_plotting': PYTHONPATH=/home/quang/ros2_robotics_cpp/pub_plot/build/py_plotting/prefix_override:/home/quang/ros2_robotics_cpp/pub_plot/install/py_plotting/lib/python3.10/site-packages:${PYTHONPATH} /usr/bin/python3 setup.py egg_info --egg-base ../../build/py_plotting build --build-base /home/quang/ros2_robotics_cpp/pub_plot/build/py_plotting/build install --record /home/quang/ros2_robotics_cpp/pub_plot/build/py_plotting/install.log --single-version-externally-managed
[1.025s] running egg_info
[1.026s] writing ../../build/py_plotting/py_plotting.egg-info/PKG-INFO
[1.026s] writing dependency_links to ../../build/py_plotting/py_plotting.egg-info/dependency_links.txt
[1.026s] writing entry points to ../../build/py_plotting/py_plotting.egg-info/entry_points.txt
[1.026s] writing requirements to ../../build/py_plotting/py_plotting.egg-info/requires.txt
[1.026s] writing top-level names to ../../build/py_plotting/py_plotting.egg-info/top_level.txt
[1.028s] reading manifest file '../../build/py_plotting/py_plotting.egg-info/SOURCES.txt'
[1.029s] writing manifest file '../../build/py_plotting/py_plotting.egg-info/SOURCES.txt'
[1.029s] running build
[1.029s] running build_py
[1.030s] copying py_plotting/sin_plotting.py -> /home/quang/ros2_robotics_cpp/pub_plot/build/py_plotting/build/lib/py_plotting
[1.030s] running install
[1.030s] running install_lib
[1.031s] copying /home/quang/ros2_robotics_cpp/pub_plot/build/py_plotting/build/lib/py_plotting/sin_plotting.py -> /home/quang/ros2_robotics_cpp/pub_plot/install/py_plotting/lib/python3.10/site-packages/py_plotting
[1.031s] byte-compiling /home/quang/ros2_robotics_cpp/pub_plot/install/py_plotting/lib/python3.10/site-packages/py_plotting/sin_plotting.py to sin_plotting.cpython-310.pyc
[1.032s]   File "/home/quang/ros2_robotics_cpp/pub_plot/install/py_plotting/lib/python3.10/site-packages/py_plotting/sin_plotting.py", line 28
[1.032s]     plt.clf()s
[1.032s]              ^
[1.032s] SyntaxError: invalid syntax
[1.032s] 
[1.033s] running install_data
[1.033s] running install_egg_info
[1.034s] removing '/home/quang/ros2_robotics_cpp/pub_plot/install/py_plotting/lib/python3.10/site-packages/py_plotting-0.0.0-py3.10.egg-info' (and everything under it)
[1.034s] Copying ../../build/py_plotting/py_plotting.egg-info to /home/quang/ros2_robotics_cpp/pub_plot/install/py_plotting/lib/python3.10/site-packages/py_plotting-0.0.0-py3.10.egg-info
[1.035s] running install_scripts
[1.054s] Installing sin_plotting script to /home/quang/ros2_robotics_cpp/pub_plot/install/py_plotting/lib/py_plotting
[1.054s] writing list of installed files to '/home/quang/ros2_robotics_cpp/pub_plot/build/py_plotting/install.log'
[1.084s] Invoked command in '/home/quang/ros2_robotics_cpp/pub_plot/src/py_plotting' returned '0': PYTHONPATH=/home/quang/ros2_robotics_cpp/pub_plot/build/py_plotting/prefix_override:/home/quang/ros2_robotics_cpp/pub_plot/install/py_plotting/lib/python3.10/site-packages:${PYTHONPATH} /usr/bin/python3 setup.py egg_info --egg-base ../../build/py_plotting build --build-base /home/quang/ros2_robotics_cpp/pub_plot/build/py_plotting/build install --record /home/quang/ros2_robotics_cpp/pub_plot/build/py_plotting/install.log --single-version-externally-managed
