[0.032s] Invoking command in '/home/quang/ros2_robotics_cpp/pub_plot/build/pub_cpp': CMAKE_PREFIX_PATH=${CMAKE_PREFIX_PATH}:/opt/ros/humble:/home/quang/ros2_robotics_cpp/pub_plot/install/py_plotting /usr/bin/cmake --build /home/quang/ros2_robotics_cpp/pub_plot/build/pub_cpp -- -j8 -l8
[0.054s] -- Found ament_cmake: 1.3.3 (/opt/ros/humble/share/ament_cmake/cmake)
[0.199s] -- Found rclcpp: 16.0.2 (/opt/ros/humble/share/rclcpp/cmake)
[0.243s] -- Found rosidl_generator_c: 3.1.4 (/opt/ros/humble/share/rosidl_generator_c/cmake)
[0.247s] -- Found rosidl_adapter: 3.1.4 (/opt/ros/humble/share/rosidl_adapter/cmake)
[0.254s] -- Found rosidl_generator_cpp: 3.1.4 (/opt/ros/humble/share/rosidl_generator_cpp/cmake)
[0.266s] -- Using all available rosidl_typesupport_c: rosidl_typesupport_fastrtps_c;rosidl_typesupport_introspection_c
[0.282s] -- Using all available rosidl_typesupport_cpp: rosidl_typesupport_fastrtps_cpp;rosidl_typesupport_introspection_cpp
[0.346s] -- Found rmw_implementation_cmake: 6.1.1 (/opt/ros/humble/share/rmw_implementation_cmake/cmake)
[0.347s] -- Found rmw_fastrtps_cpp: 6.2.2 (/opt/ros/humble/share/rmw_fastrtps_cpp/cmake)
[0.467s] -- Using RMW implementation 'rmw_fastrtps_cpp' as default
[0.646s] [31mCMake Error at CMakeLists.txt:12 (find_package):
[0.646s]   By not providing "Findpy_plotting.cmake" in CMAKE_MODULE_PATH this project
[0.646s]   has asked CMake to find a package configuration file provided by
[0.646s]   "py_plotting", but CMake did not find one.
[0.646s] 
[0.646s]   Could not find a package configuration file provided by "py_plotting" with
[0.646s]   any of the following names:
[0.646s] 
[0.646s]     py_plottingConfig.cmake
[0.647s]     py_plotting-config.cmake
[0.647s] 
[0.647s]   Add the installation prefix of "py_plotting" to CMAKE_PREFIX_PATH or set
[0.647s]   "py_plotting_DIR" to a directory containing one of the above files.  If
[0.647s]   "py_plotting" provides a separate development package or SDK, be sure it
[0.647s]   has been installed.
[0.647s] 
[0.647s] [0m
[0.647s] -- Configuring incomplete, errors occurred!
[0.647s] See also "/home/quang/ros2_robotics_cpp/pub_plot/build/pub_cpp/CMakeFiles/CMakeOutput.log".
[0.654s] gmake: *** [Makefile:267: cmake_check_build_system] Error 1
[0.656s] Invoked command in '/home/quang/ros2_robotics_cpp/pub_plot/build/pub_cpp' returned '2': CMAKE_PREFIX_PATH=${CMAKE_PREFIX_PATH}:/opt/ros/humble:/home/quang/ros2_robotics_cpp/pub_plot/install/py_plotting /usr/bin/cmake --build /home/quang/ros2_robotics_cpp/pub_plot/build/pub_cpp -- -j8 -l8
