[0.540s] DEBUG:colcon:Command line arguments: ['/usr/bin/colcon', 'build']
[0.540s] DEBUG:colcon:Parsed command line arguments: Namespace(log_base=None, log_level=None, verb_name='build', build_base='build', install_base='install', merge_install=False, symlink_install=False, test_result_base=None, continue_on_error=False, executor='parallel', parallel_workers=8, event_handlers=None, ignore_user_meta=False, metas=['./colcon.meta'], base_paths=['.'], packages_ignore=None, packages_ignore_regex=None, paths=None, packages_up_to=None, packages_up_to_regex=None, packages_above=None, packages_above_and_dependencies=None, packages_above_depth=None, packages_select_by_dep=None, packages_skip_by_dep=None, packages_skip_up_to=None, packages_select_build_failed=False, packages_skip_build_finished=False, packages_select_test_failures=False, packages_skip_test_passed=False, packages_select=None, packages_skip=None, packages_select_regex=None, packages_skip_regex=None, packages_start=None, packages_end=None, allow_overriding=[], cmake_args=None, cmake_target=None, cmake_target_skip_unavailable=False, cmake_clean_cache=False, cmake_clean_first=False, cmake_force_configure=False, meson_args=[], ament_cmake_args=None, catkin_cmake_args=None, catkin_skip_building_tests=False, mixin_files=None, mixin=None, verb_parser=<colcon_alias.argument_parser.alias.AliasArgumentDecorator object at 0x7f6da471efe0>, verb_extension=<colcon_core.verb.build.BuildVerb object at 0x7f6da471c070>, main=<bound method BuildVerb.main of <colcon_core.verb.build.BuildVerb object at 0x7f6da471c070>>, mixin_verb=('build',))
[0.567s] Level 1:colcon.colcon_core.package_discovery:discover_packages(colcon_meta) check parameters
[0.567s] Level 1:colcon.colcon_core.package_discovery:discover_packages(recursive) check parameters
[0.567s] Level 1:colcon.colcon_core.package_discovery:discover_packages(ignore) check parameters
[0.567s] Level 1:colcon.colcon_core.package_discovery:discover_packages(path) check parameters
[0.567s] Level 1:colcon.colcon_core.package_discovery:discover_packages(colcon_meta) discover
[0.567s] Level 1:colcon.colcon_core.package_discovery:discover_packages(recursive) discover
[0.568s] INFO:colcon.colcon_core.package_discovery:Crawling recursively for packages in '/home/quang/ros2_robotics_cpp/pub_plot'
[0.568s] Level 1:colcon.colcon_core.package_identification:_identify(.) by extensions ['ignore', 'ignore_ament_install']
[0.568s] Level 1:colcon.colcon_core.package_identification:_identify(.) by extension 'ignore'
[0.568s] Level 1:colcon.colcon_core.package_identification:_identify(.) by extension 'ignore_ament_install'
[0.568s] Level 1:colcon.colcon_core.package_identification:_identify(.) by extensions ['colcon_pkg']
[0.568s] Level 1:colcon.colcon_core.package_identification:_identify(.) by extension 'colcon_pkg'
[0.568s] Level 1:colcon.colcon_core.package_identification:_identify(.) by extensions ['colcon_meta']
[0.568s] Level 1:colcon.colcon_core.package_identification:_identify(.) by extension 'colcon_meta'
[0.568s] Level 1:colcon.colcon_core.package_identification:_identify(.) by extensions ['ros']
[0.568s] Level 1:colcon.colcon_core.package_identification:_identify(.) by extension 'ros'
[0.579s] Level 1:colcon.colcon_core.package_identification:_identify(.) by extensions ['cmake', 'meson', 'python']
[0.579s] Level 1:colcon.colcon_core.package_identification:_identify(.) by extension 'cmake'
[0.579s] Level 1:colcon.colcon_core.package_identification:_identify(.) by extension 'meson'
[0.579s] Level 1:colcon.colcon_core.package_identification:_identify(.) by extension 'python'
[0.579s] Level 1:colcon.colcon_core.package_identification:_identify(.) by extensions ['python_setup_py']
[0.579s] Level 1:colcon.colcon_core.package_identification:_identify(.) by extension 'python_setup_py'
[0.579s] Level 1:colcon.colcon_core.package_identification:_identify(build) by extensions ['ignore', 'ignore_ament_install']
[0.579s] Level 1:colcon.colcon_core.package_identification:_identify(build) by extension 'ignore'
[0.579s] Level 1:colcon.colcon_core.package_identification:_identify(build) ignored
[0.579s] Level 1:colcon.colcon_core.package_identification:_identify(install) by extensions ['ignore', 'ignore_ament_install']
[0.579s] Level 1:colcon.colcon_core.package_identification:_identify(install) by extension 'ignore'
[0.579s] Level 1:colcon.colcon_core.package_identification:_identify(install) ignored
[0.579s] Level 1:colcon.colcon_core.package_identification:_identify(log) by extensions ['ignore', 'ignore_ament_install']
[0.579s] Level 1:colcon.colcon_core.package_identification:_identify(log) by extension 'ignore'
[0.579s] Level 1:colcon.colcon_core.package_identification:_identify(log) ignored
[0.580s] Level 1:colcon.colcon_core.package_identification:_identify(src) by extensions ['ignore', 'ignore_ament_install']
[0.580s] Level 1:colcon.colcon_core.package_identification:_identify(src) by extension 'ignore'
[0.580s] Level 1:colcon.colcon_core.package_identification:_identify(src) by extension 'ignore_ament_install'
[0.580s] Level 1:colcon.colcon_core.package_identification:_identify(src) by extensions ['colcon_pkg']
[0.580s] Level 1:colcon.colcon_core.package_identification:_identify(src) by extension 'colcon_pkg'
[0.580s] Level 1:colcon.colcon_core.package_identification:_identify(src) by extensions ['colcon_meta']
[0.580s] Level 1:colcon.colcon_core.package_identification:_identify(src) by extension 'colcon_meta'
[0.580s] Level 1:colcon.colcon_core.package_identification:_identify(src) by extensions ['ros']
[0.580s] Level 1:colcon.colcon_core.package_identification:_identify(src) by extension 'ros'
[0.580s] Level 1:colcon.colcon_core.package_identification:_identify(src) by extensions ['cmake', 'meson', 'python']
[0.580s] Level 1:colcon.colcon_core.package_identification:_identify(src) by extension 'cmake'
[0.580s] Level 1:colcon.colcon_core.package_identification:_identify(src) by extension 'meson'
[0.580s] Level 1:colcon.colcon_core.package_identification:_identify(src) by extension 'python'
[0.580s] Level 1:colcon.colcon_core.package_identification:_identify(src) by extensions ['python_setup_py']
[0.580s] Level 1:colcon.colcon_core.package_identification:_identify(src) by extension 'python_setup_py'
[0.580s] Level 1:colcon.colcon_core.package_identification:_identify(src/pub_cpp) by extensions ['ignore', 'ignore_ament_install']
[0.580s] Level 1:colcon.colcon_core.package_identification:_identify(src/pub_cpp) by extension 'ignore'
[0.580s] Level 1:colcon.colcon_core.package_identification:_identify(src/pub_cpp) by extension 'ignore_ament_install'
[0.580s] Level 1:colcon.colcon_core.package_identification:_identify(src/pub_cpp) by extensions ['colcon_pkg']
[0.580s] Level 1:colcon.colcon_core.package_identification:_identify(src/pub_cpp) by extension 'colcon_pkg'
[0.580s] Level 1:colcon.colcon_core.package_identification:_identify(src/pub_cpp) by extensions ['colcon_meta']
[0.581s] Level 1:colcon.colcon_core.package_identification:_identify(src/pub_cpp) by extension 'colcon_meta'
[0.581s] Level 1:colcon.colcon_core.package_identification:_identify(src/pub_cpp) by extensions ['ros']
[0.581s] Level 1:colcon.colcon_core.package_identification:_identify(src/pub_cpp) by extension 'ros'
[0.583s] DEBUG:colcon.colcon_core.package_identification:Package 'src/pub_cpp' with type 'ros.ament_cmake' and name 'pub_cpp'
[0.583s] Level 1:colcon.colcon_core.package_identification:_identify(src/py_plotting) by extensions ['ignore', 'ignore_ament_install']
[0.583s] Level 1:colcon.colcon_core.package_identification:_identify(src/py_plotting) by extension 'ignore'
[0.583s] Level 1:colcon.colcon_core.package_identification:_identify(src/py_plotting) by extension 'ignore_ament_install'
[0.583s] Level 1:colcon.colcon_core.package_identification:_identify(src/py_plotting) by extensions ['colcon_pkg']
[0.583s] Level 1:colcon.colcon_core.package_identification:_identify(src/py_plotting) by extension 'colcon_pkg'
[0.583s] Level 1:colcon.colcon_core.package_identification:_identify(src/py_plotting) by extensions ['colcon_meta']
[0.583s] Level 1:colcon.colcon_core.package_identification:_identify(src/py_plotting) by extension 'colcon_meta'
[0.583s] Level 1:colcon.colcon_core.package_identification:_identify(src/py_plotting) by extensions ['ros']
[0.583s] Level 1:colcon.colcon_core.package_identification:_identify(src/py_plotting) by extension 'ros'
[0.584s] DEBUG:colcon.colcon_core.package_identification:Package 'src/py_plotting' with type 'ros.ament_python' and name 'py_plotting'
[0.584s] Level 1:colcon.colcon_core.package_discovery:discover_packages(recursive) using defaults
[0.584s] Level 1:colcon.colcon_core.package_discovery:discover_packages(ignore) discover
[0.584s] Level 1:colcon.colcon_core.package_discovery:discover_packages(ignore) using defaults
[0.584s] Level 1:colcon.colcon_core.package_discovery:discover_packages(path) discover
[0.584s] Level 1:colcon.colcon_core.package_discovery:discover_packages(path) using defaults
[0.643s] Level 1:colcon.colcon_core.package_discovery:discover_packages(prefix_path) check parameters
[0.643s] Level 1:colcon.colcon_core.package_discovery:discover_packages(prefix_path) discover
[0.644s] WARNING:colcon.colcon_ros.prefix_path.ament:The path '/home/quang/ros2_robotics_cpp/pub_plot/install/py_plotting' in the environment variable AMENT_PREFIX_PATH doesn't exist
[0.645s] WARNING:colcon.colcon_ros.prefix_path.ament:The path '/home/quang/ros2_robotics_cpp/pub_plot/install/pub_cpp' in the environment variable AMENT_PREFIX_PATH doesn't exist
[0.645s] WARNING:colcon.colcon_ros.prefix_path.catkin:The path '/home/quang/ros2_robotics_cpp/pub_plot/install/pub_cpp' in the environment variable CMAKE_PREFIX_PATH doesn't exist
[0.646s] DEBUG:colcon.colcon_installed_package_information.package_discovery:Found 0 installed packages in /home/quang/ros2_robotics_cpp/pub_plot/install
[0.647s] Level 1:colcon.colcon_core.package_discovery:discover_packages(prefix_path) using defaults
[0.660s] Level 5:colcon.colcon_core.verb:set package 'pub_cpp' build argument 'cmake_args' from command line to 'None'
[0.660s] Level 5:colcon.colcon_core.verb:set package 'pub_cpp' build argument 'cmake_target' from command line to 'None'
[0.660s] Level 5:colcon.colcon_core.verb:set package 'pub_cpp' build argument 'cmake_target_skip_unavailable' from command line to 'False'
[0.660s] Level 5:colcon.colcon_core.verb:set package 'pub_cpp' build argument 'cmake_clean_cache' from command line to 'False'
[0.660s] Level 5:colcon.colcon_core.verb:set package 'pub_cpp' build argument 'cmake_clean_first' from command line to 'False'
[0.660s] Level 5:colcon.colcon_core.verb:set package 'pub_cpp' build argument 'cmake_force_configure' from command line to 'False'
[0.660s] Level 5:colcon.colcon_core.verb:set package 'pub_cpp' build argument 'meson_args' from command line to '[]'
[0.660s] Level 5:colcon.colcon_core.verb:set package 'pub_cpp' build argument 'ament_cmake_args' from command line to 'None'
[0.660s] Level 5:colcon.colcon_core.verb:set package 'pub_cpp' build argument 'catkin_cmake_args' from command line to 'None'
[0.660s] Level 5:colcon.colcon_core.verb:set package 'pub_cpp' build argument 'catkin_skip_building_tests' from command line to 'False'
[0.660s] DEBUG:colcon.colcon_core.verb:Building package 'pub_cpp' with the following arguments: {'ament_cmake_args': None, 'build_base': '/home/quang/ros2_robotics_cpp/pub_plot/build/pub_cpp', 'catkin_cmake_args': None, 'catkin_skip_building_tests': False, 'cmake_args': None, 'cmake_clean_cache': False, 'cmake_clean_first': False, 'cmake_force_configure': False, 'cmake_target': None, 'cmake_target_skip_unavailable': False, 'install_base': '/home/quang/ros2_robotics_cpp/pub_plot/install/pub_cpp', 'merge_install': False, 'meson_args': [], 'path': '/home/quang/ros2_robotics_cpp/pub_plot/src/pub_cpp', 'symlink_install': False, 'test_result_base': None}
[0.673s] Level 5:colcon.colcon_core.verb:set package 'py_plotting' build argument 'cmake_args' from command line to 'None'
[0.673s] Level 5:colcon.colcon_core.verb:set package 'py_plotting' build argument 'cmake_target' from command line to 'None'
[0.673s] Level 5:colcon.colcon_core.verb:set package 'py_plotting' build argument 'cmake_target_skip_unavailable' from command line to 'False'
[0.673s] Level 5:colcon.colcon_core.verb:set package 'py_plotting' build argument 'cmake_clean_cache' from command line to 'False'
[0.673s] Level 5:colcon.colcon_core.verb:set package 'py_plotting' build argument 'cmake_clean_first' from command line to 'False'
[0.673s] Level 5:colcon.colcon_core.verb:set package 'py_plotting' build argument 'cmake_force_configure' from command line to 'False'
[0.673s] Level 5:colcon.colcon_core.verb:set package 'py_plotting' build argument 'meson_args' from command line to '[]'
[0.673s] Level 5:colcon.colcon_core.verb:set package 'py_plotting' build argument 'ament_cmake_args' from command line to 'None'
[0.673s] Level 5:colcon.colcon_core.verb:set package 'py_plotting' build argument 'catkin_cmake_args' from command line to 'None'
[0.673s] Level 5:colcon.colcon_core.verb:set package 'py_plotting' build argument 'catkin_skip_building_tests' from command line to 'False'
[0.673s] DEBUG:colcon.colcon_core.verb:Building package 'py_plotting' with the following arguments: {'ament_cmake_args': None, 'build_base': '/home/quang/ros2_robotics_cpp/pub_plot/build/py_plotting', 'catkin_cmake_args': None, 'catkin_skip_building_tests': False, 'cmake_args': None, 'cmake_clean_cache': False, 'cmake_clean_first': False, 'cmake_force_configure': False, 'cmake_target': None, 'cmake_target_skip_unavailable': False, 'install_base': '/home/quang/ros2_robotics_cpp/pub_plot/install/py_plotting', 'merge_install': False, 'meson_args': [], 'path': '/home/quang/ros2_robotics_cpp/pub_plot/src/py_plotting', 'symlink_install': False, 'test_result_base': None}
[0.674s] INFO:colcon.colcon_core.executor:Executing jobs using 'parallel' executor
[0.683s] DEBUG:colcon.colcon_parallel_executor.executor.parallel:run_until_complete
[0.683s] INFO:colcon.colcon_ros.task.ament_cmake.build:Building ROS package in '/home/quang/ros2_robotics_cpp/pub_plot/src/pub_cpp' with build type 'ament_cmake'
[0.683s] INFO:colcon.colcon_cmake.task.cmake.build:Building CMake package in '/home/quang/ros2_robotics_cpp/pub_plot/src/pub_cpp'
[0.689s] INFO:colcon.colcon_core.plugin_system:Skipping extension 'colcon_core.shell.bat': Not used on non-Windows systems
[0.689s] INFO:colcon.colcon_core.shell:Skip shell extension 'powershell' for command environment: Not usable outside of PowerShell
[0.689s] DEBUG:colcon.colcon_core.shell:Skip shell extension 'dsv' for command environment
[0.693s] INFO:colcon.colcon_ros.task.ament_python.build:Building ROS package in '/home/quang/ros2_robotics_cpp/pub_plot/src/py_plotting' with build type 'ament_python'
[0.693s] Level 1:colcon.colcon_core.shell:create_environment_hook('py_plotting', 'ament_prefix_path')
[0.697s] INFO:colcon.colcon_core.shell:Creating environment hook '/home/quang/ros2_robotics_cpp/pub_plot/install/py_plotting/share/py_plotting/hook/ament_prefix_path.ps1'
[0.698s] INFO:colcon.colcon_core.shell:Creating environment descriptor '/home/quang/ros2_robotics_cpp/pub_plot/install/py_plotting/share/py_plotting/hook/ament_prefix_path.dsv'
[0.698s] INFO:colcon.colcon_core.shell:Creating environment hook '/home/quang/ros2_robotics_cpp/pub_plot/install/py_plotting/share/py_plotting/hook/ament_prefix_path.sh'
[0.703s] INFO:colcon.colcon_core.shell:Skip shell extension 'powershell' for command environment: Not usable outside of PowerShell
[0.703s] DEBUG:colcon.colcon_core.shell:Skip shell extension 'dsv' for command environment
[0.710s] DEBUG:colcon.colcon_core.event_handler.log_command:Invoking command in '/home/quang/ros2_robotics_cpp/pub_plot/build/pub_cpp': CMAKE_PREFIX_PATH=${CMAKE_PREFIX_PATH}:/home/quang/ros2_robotics_cpp/pub_plot/install/py_plotting /usr/bin/cmake /home/quang/ros2_robotics_cpp/pub_plot/src/pub_cpp -DCMAKE_INSTALL_PREFIX=/home/quang/ros2_robotics_cpp/pub_plot/install/pub_cpp
[0.944s] INFO:colcon.colcon_core.task.python.build:Building Python package in '/home/quang/ros2_robotics_cpp/pub_plot/src/py_plotting'
[0.947s] INFO:colcon.colcon_core.shell:Skip shell extension 'powershell' for command environment: Not usable outside of PowerShell
[0.947s] DEBUG:colcon.colcon_core.shell:Skip shell extension 'dsv' for command environment
[0.984s] DEBUG:colcon.colcon_core.event_handler.log_command:Invoked command in '/home/quang/ros2_robotics_cpp/pub_plot/build/pub_cpp' returned '1': CMAKE_PREFIX_PATH=${CMAKE_PREFIX_PATH}:/home/quang/ros2_robotics_cpp/pub_plot/install/py_plotting /usr/bin/cmake /home/quang/ros2_robotics_cpp/pub_plot/src/pub_cpp -DCMAKE_INSTALL_PREFIX=/home/quang/ros2_robotics_cpp/pub_plot/install/pub_cpp
[0.994s] Level 1:colcon.colcon_core.environment:create_environment_scripts_only(pub_cpp)
[1.002s] Level 1:colcon.colcon_core.environment:checking '/home/quang/ros2_robotics_cpp/pub_plot/install/pub_cpp' for CMake module files
[1.002s] Level 1:colcon.colcon_core.environment:checking '/home/quang/ros2_robotics_cpp/pub_plot/install/pub_cpp' for CMake config files
[1.002s] Level 1:colcon.colcon_core.environment:checking '/home/quang/ros2_robotics_cpp/pub_plot/install/pub_cpp/bin'
[1.002s] Level 1:colcon.colcon_core.environment:checking '/home/quang/ros2_robotics_cpp/pub_plot/install/pub_cpp/lib/pkgconfig/pub_cpp.pc'
[1.003s] Level 1:colcon.colcon_core.environment:checking '/home/quang/ros2_robotics_cpp/pub_plot/install/pub_cpp/lib/python3.10/site-packages'
[1.003s] Level 1:colcon.colcon_core.environment:checking '/home/quang/ros2_robotics_cpp/pub_plot/install/pub_cpp/bin'
[1.006s] INFO:colcon.colcon_core.shell:Creating package script '/home/quang/ros2_robotics_cpp/pub_plot/install/pub_cpp/share/pub_cpp/package.ps1'
[1.007s] INFO:colcon.colcon_core.shell:Creating package descriptor '/home/quang/ros2_robotics_cpp/pub_plot/install/pub_cpp/share/pub_cpp/package.dsv'
[1.007s] INFO:colcon.colcon_core.shell:Creating package script '/home/quang/ros2_robotics_cpp/pub_plot/install/pub_cpp/share/pub_cpp/package.sh'
[1.008s] INFO:colcon.colcon_core.shell:Creating package script '/home/quang/ros2_robotics_cpp/pub_plot/install/pub_cpp/share/pub_cpp/package.bash'
[1.008s] INFO:colcon.colcon_core.shell:Creating package script '/home/quang/ros2_robotics_cpp/pub_plot/install/pub_cpp/share/pub_cpp/package.zsh'
[1.009s] Level 1:colcon.colcon_core.environment:create_file_with_runtime_dependencies(/home/quang/ros2_robotics_cpp/pub_plot/install/pub_cpp/share/colcon-core/packages/pub_cpp)
[1.273s] DEBUG:colcon.colcon_parallel_executor.executor.parallel:closing loop
[1.273s] DEBUG:colcon.colcon_parallel_executor.executor.parallel:loop closed
[1.273s] DEBUG:colcon.colcon_parallel_executor.executor.parallel:run_until_complete finished with '1'
[1.273s] DEBUG:colcon.colcon_core.event_reactor:joining thread
[1.279s] INFO:colcon.colcon_core.plugin_system:Skipping extension 'colcon_notification.desktop_notification.terminal_notifier': Not used on non-Darwin systems
[1.279s] INFO:colcon.colcon_core.plugin_system:Skipping extension 'colcon_notification.desktop_notification.win32': Not used on non-Windows systems
[1.279s] INFO:colcon.colcon_notification.desktop_notification:Sending desktop notification using 'notify2'
[1.289s] DEBUG:colcon.colcon_core.event_reactor:joined thread
[1.294s] INFO:colcon.colcon_core.shell:Creating prefix script '/home/quang/ros2_robotics_cpp/pub_plot/install/local_setup.ps1'
[1.295s] INFO:colcon.colcon_core.shell:Creating prefix util module '/home/quang/ros2_robotics_cpp/pub_plot/install/_local_setup_util_ps1.py'
[1.296s] INFO:colcon.colcon_core.shell:Creating prefix chain script '/home/quang/ros2_robotics_cpp/pub_plot/install/setup.ps1'
[1.298s] INFO:colcon.colcon_core.shell:Creating prefix script '/home/quang/ros2_robotics_cpp/pub_plot/install/local_setup.sh'
[1.298s] INFO:colcon.colcon_core.shell:Creating prefix util module '/home/quang/ros2_robotics_cpp/pub_plot/install/_local_setup_util_sh.py'
[1.299s] INFO:colcon.colcon_core.shell:Creating prefix chain script '/home/quang/ros2_robotics_cpp/pub_plot/install/setup.sh'
[1.300s] INFO:colcon.colcon_core.shell:Creating prefix script '/home/quang/ros2_robotics_cpp/pub_plot/install/local_setup.bash'
[1.301s] INFO:colcon.colcon_core.shell:Creating prefix chain script '/home/quang/ros2_robotics_cpp/pub_plot/install/setup.bash'
[1.302s] INFO:colcon.colcon_core.shell:Creating prefix script '/home/quang/ros2_robotics_cpp/pub_plot/install/local_setup.zsh'
[1.302s] INFO:colcon.colcon_core.shell:Creating prefix chain script '/home/quang/ros2_robotics_cpp/pub_plot/install/setup.zsh'
