[0.029s] Invoking command in '/home/quang/ros2_robotics_cpp/src/pub_plot/build/pub_cpp': CMAKE_PREFIX_PATH=${CMAKE_PREFIX_PATH}:/home/quang/ros2_robotics_cpp/install/py_plotting:/opt/ros/humble /usr/bin/cmake --build /home/quang/ros2_robotics_cpp/src/pub_plot/build/pub_cpp -- -j8 -l8
[0.067s] [35m[1mConsolidate compiler generated dependencies of target sin_pub[0m
[0.085s] [100%] Built target sin_pub
[0.368s] Invoked command in '/home/quang/ros2_robotics_cpp/src/pub_plot/build/pub_cpp' returned '0': CMAKE_PREFIX_PATH=${CMAKE_PREFIX_PATH}:/home/quang/ros2_robotics_cpp/install/py_plotting:/opt/ros/humble /usr/bin/cmake --build /home/quang/ros2_robotics_cpp/src/pub_plot/build/pub_cpp -- -j8 -l8
[0.396s] Invoking command in '/home/quang/ros2_robotics_cpp/src/pub_plot/build/pub_cpp': CMAKE_PREFIX_PATH=${CMAKE_PREFIX_PATH}:/home/quang/ros2_robotics_cpp/install/py_plotting:/opt/ros/humble /usr/bin/cmake --install /home/quang/ros2_robotics_cpp/src/pub_plot/build/pub_cpp
[0.402s] -- Install configuration: ""
[0.402s] -- Up-to-date: /home/quang/ros2_robotics_cpp/src/pub_plot/install/pub_cpp/lib/pub_cpp/sin_pub
[0.402s] -- Up-to-date: /home/quang/ros2_robotics_cpp/src/pub_plot/install/pub_cpp/share/ament_index/resource_index/package_run_dependencies/pub_cpp
[0.403s] -- Up-to-date: /home/quang/ros2_robotics_cpp/src/pub_plot/install/pub_cpp/share/ament_index/resource_index/parent_prefix_path/pub_cpp
[0.403s] -- Up-to-date: /home/quang/ros2_robotics_cpp/src/pub_plot/install/pub_cpp/share/pub_cpp/environment/ament_prefix_path.sh
[0.403s] -- Up-to-date: /home/quang/ros2_robotics_cpp/src/pub_plot/install/pub_cpp/share/pub_cpp/environment/ament_prefix_path.dsv
[0.403s] -- Up-to-date: /home/quang/ros2_robotics_cpp/src/pub_plot/install/pub_cpp/share/pub_cpp/environment/path.sh
[0.403s] -- Up-to-date: /home/quang/ros2_robotics_cpp/src/pub_plot/install/pub_cpp/share/pub_cpp/environment/path.dsv
[0.403s] -- Up-to-date: /home/quang/ros2_robotics_cpp/src/pub_plot/install/pub_cpp/share/pub_cpp/local_setup.bash
[0.403s] -- Up-to-date: /home/quang/ros2_robotics_cpp/src/pub_plot/install/pub_cpp/share/pub_cpp/local_setup.sh
[0.403s] -- Up-to-date: /home/quang/ros2_robotics_cpp/src/pub_plot/install/pub_cpp/share/pub_cpp/local_setup.zsh
[0.403s] -- Up-to-date: /home/quang/ros2_robotics_cpp/src/pub_plot/install/pub_cpp/share/pub_cpp/local_setup.dsv
[0.403s] -- Installing: /home/quang/ros2_robotics_cpp/src/pub_plot/install/pub_cpp/share/pub_cpp/package.dsv
[0.403s] -- Up-to-date: /home/quang/ros2_robotics_cpp/src/pub_plot/install/pub_cpp/share/ament_index/resource_index/packages/pub_cpp
[0.403s] -- Up-to-date: /home/quang/ros2_robotics_cpp/src/pub_plot/install/pub_cpp/share/pub_cpp/cmake/pub_cppConfig.cmake
[0.404s] -- Up-to-date: /home/quang/ros2_robotics_cpp/src/pub_plot/install/pub_cpp/share/pub_cpp/cmake/pub_cppConfig-version.cmake
[0.404s] -- Up-to-date: /home/quang/ros2_robotics_cpp/src/pub_plot/install/pub_cpp/share/pub_cpp/package.xml
[0.405s] Invoked command in '/home/quang/ros2_robotics_cpp/src/pub_plot/build/pub_cpp' returned '0': CMAKE_PREFIX_PATH=${CMAKE_PREFIX_PATH}:/home/quang/ros2_robotics_cpp/install/py_plotting:/opt/ros/humble /usr/bin/cmake --install /home/quang/ros2_robotics_cpp/src/pub_plot/build/pub_cpp
