[0.603s] DEBUG:colcon:Command line arguments: ['/usr/bin/colcon', 'build']
[0.603s] DEBUG:colcon:Parsed command line arguments: Namespace(log_base=None, log_level=None, verb_name='build', build_base='build', install_base='install', merge_install=False, symlink_install=False, test_result_base=None, continue_on_error=False, executor='parallel', parallel_workers=8, event_handlers=None, ignore_user_meta=False, metas=['./colcon.meta'], base_paths=['.'], packages_ignore=None, packages_ignore_regex=None, paths=None, packages_up_to=None, packages_up_to_regex=None, packages_above=None, packages_above_and_dependencies=None, packages_above_depth=None, packages_select_by_dep=None, packages_skip_by_dep=None, packages_skip_up_to=None, packages_select_build_failed=False, packages_skip_build_finished=False, packages_select_test_failures=False, packages_skip_test_passed=False, packages_select=None, packages_skip=None, packages_select_regex=None, packages_skip_regex=None, packages_start=None, packages_end=None, allow_overriding=[], cmake_args=None, cmake_target=None, cmake_target_skip_unavailable=False, cmake_clean_cache=False, cmake_clean_first=False, cmake_force_configure=False, meson_args=[], ament_cmake_args=None, catkin_cmake_args=None, catkin_skip_building_tests=False, mixin_files=None, mixin=None, verb_parser=<colcon_alias.argument_parser.alias.AliasArgumentDecorator object at 0x7f8b444100a0>, verb_extension=<colcon_core.verb.build.BuildVerb object at 0x7f8b443c9090>, main=<bound method BuildVerb.main of <colcon_core.verb.build.BuildVerb object at 0x7f8b443c9090>>, mixin_verb=('build',))
[0.630s] Level 1:colcon.colcon_core.package_discovery:discover_packages(colcon_meta) check parameters
[0.630s] Level 1:colcon.colcon_core.package_discovery:discover_packages(recursive) check parameters
[0.630s] Level 1:colcon.colcon_core.package_discovery:discover_packages(ignore) check parameters
[0.630s] Level 1:colcon.colcon_core.package_discovery:discover_packages(path) check parameters
[0.630s] Level 1:colcon.colcon_core.package_discovery:discover_packages(colcon_meta) discover
[0.630s] Level 1:colcon.colcon_core.package_discovery:discover_packages(recursive) discover
[0.630s] INFO:colcon.colcon_core.package_discovery:Crawling recursively for packages in '/home/quang/ros2_robotics_cpp/pub_plot'
[0.630s] Level 1:colcon.colcon_core.package_identification:_identify(.) by extensions ['ignore', 'ignore_ament_install']
[0.630s] Level 1:colcon.colcon_core.package_identification:_identify(.) by extension 'ignore'
[0.630s] Level 1:colcon.colcon_core.package_identification:_identify(.) by extension 'ignore_ament_install'
[0.630s] Level 1:colcon.colcon_core.package_identification:_identify(.) by extensions ['colcon_pkg']
[0.630s] Level 1:colcon.colcon_core.package_identification:_identify(.) by extension 'colcon_pkg'
[0.630s] Level 1:colcon.colcon_core.package_identification:_identify(.) by extensions ['colcon_meta']
[0.630s] Level 1:colcon.colcon_core.package_identification:_identify(.) by extension 'colcon_meta'
[0.631s] Level 1:colcon.colcon_core.package_identification:_identify(.) by extensions ['ros']
[0.631s] Level 1:colcon.colcon_core.package_identification:_identify(.) by extension 'ros'
[0.641s] Level 1:colcon.colcon_core.package_identification:_identify(.) by extensions ['cmake', 'meson', 'python']
[0.641s] Level 1:colcon.colcon_core.package_identification:_identify(.) by extension 'cmake'
[0.641s] Level 1:colcon.colcon_core.package_identification:_identify(.) by extension 'meson'
[0.641s] Level 1:colcon.colcon_core.package_identification:_identify(.) by extension 'python'
[0.641s] Level 1:colcon.colcon_core.package_identification:_identify(.) by extensions ['python_setup_py']
[0.641s] Level 1:colcon.colcon_core.package_identification:_identify(.) by extension 'python_setup_py'
[0.641s] Level 1:colcon.colcon_core.package_identification:_identify(build) by extensions ['ignore', 'ignore_ament_install']
[0.641s] Level 1:colcon.colcon_core.package_identification:_identify(build) by extension 'ignore'
[0.641s] Level 1:colcon.colcon_core.package_identification:_identify(build) ignored
[0.641s] Level 1:colcon.colcon_core.package_identification:_identify(install) by extensions ['ignore', 'ignore_ament_install']
[0.641s] Level 1:colcon.colcon_core.package_identification:_identify(install) by extension 'ignore'
[0.642s] Level 1:colcon.colcon_core.package_identification:_identify(install) ignored
[0.642s] Level 1:colcon.colcon_core.package_identification:_identify(log) by extensions ['ignore', 'ignore_ament_install']
[0.642s] Level 1:colcon.colcon_core.package_identification:_identify(log) by extension 'ignore'
[0.642s] Level 1:colcon.colcon_core.package_identification:_identify(log) ignored
[0.642s] Level 1:colcon.colcon_core.package_identification:_identify(src) by extensions ['ignore', 'ignore_ament_install']
[0.642s] Level 1:colcon.colcon_core.package_identification:_identify(src) by extension 'ignore'
[0.642s] Level 1:colcon.colcon_core.package_identification:_identify(src) by extension 'ignore_ament_install'
[0.642s] Level 1:colcon.colcon_core.package_identification:_identify(src) by extensions ['colcon_pkg']
[0.642s] Level 1:colcon.colcon_core.package_identification:_identify(src) by extension 'colcon_pkg'
[0.642s] Level 1:colcon.colcon_core.package_identification:_identify(src) by extensions ['colcon_meta']
[0.642s] Level 1:colcon.colcon_core.package_identification:_identify(src) by extension 'colcon_meta'
[0.642s] Level 1:colcon.colcon_core.package_identification:_identify(src) by extensions ['ros']
[0.642s] Level 1:colcon.colcon_core.package_identification:_identify(src) by extension 'ros'
[0.642s] Level 1:colcon.colcon_core.package_identification:_identify(src) by extensions ['cmake', 'meson', 'python']
[0.643s] Level 1:colcon.colcon_core.package_identification:_identify(src) by extension 'cmake'
[0.643s] Level 1:colcon.colcon_core.package_identification:_identify(src) by extension 'meson'
[0.643s] Level 1:colcon.colcon_core.package_identification:_identify(src) by extension 'python'
[0.643s] Level 1:colcon.colcon_core.package_identification:_identify(src) by extensions ['python_setup_py']
[0.643s] Level 1:colcon.colcon_core.package_identification:_identify(src) by extension 'python_setup_py'
[0.643s] Level 1:colcon.colcon_core.package_identification:_identify(src/pub_cpp) by extensions ['ignore', 'ignore_ament_install']
[0.643s] Level 1:colcon.colcon_core.package_identification:_identify(src/pub_cpp) by extension 'ignore'
[0.643s] Level 1:colcon.colcon_core.package_identification:_identify(src/pub_cpp) by extension 'ignore_ament_install'
[0.643s] Level 1:colcon.colcon_core.package_identification:_identify(src/pub_cpp) by extensions ['colcon_pkg']
[0.643s] Level 1:colcon.colcon_core.package_identification:_identify(src/pub_cpp) by extension 'colcon_pkg'
[0.643s] Level 1:colcon.colcon_core.package_identification:_identify(src/pub_cpp) by extensions ['colcon_meta']
[0.643s] Level 1:colcon.colcon_core.package_identification:_identify(src/pub_cpp) by extension 'colcon_meta'
[0.643s] Level 1:colcon.colcon_core.package_identification:_identify(src/pub_cpp) by extensions ['ros']
[0.643s] Level 1:colcon.colcon_core.package_identification:_identify(src/pub_cpp) by extension 'ros'
[0.645s] DEBUG:colcon.colcon_core.package_identification:Package 'src/pub_cpp' with type 'ros.ament_cmake' and name 'pub_cpp'
[0.646s] Level 1:colcon.colcon_core.package_identification:_identify(src/py_plotting) by extensions ['ignore', 'ignore_ament_install']
[0.646s] Level 1:colcon.colcon_core.package_identification:_identify(src/py_plotting) by extension 'ignore'
[0.646s] Level 1:colcon.colcon_core.package_identification:_identify(src/py_plotting) by extension 'ignore_ament_install'
[0.646s] Level 1:colcon.colcon_core.package_identification:_identify(src/py_plotting) by extensions ['colcon_pkg']
[0.646s] Level 1:colcon.colcon_core.package_identification:_identify(src/py_plotting) by extension 'colcon_pkg'
[0.646s] Level 1:colcon.colcon_core.package_identification:_identify(src/py_plotting) by extensions ['colcon_meta']
[0.646s] Level 1:colcon.colcon_core.package_identification:_identify(src/py_plotting) by extension 'colcon_meta'
[0.646s] Level 1:colcon.colcon_core.package_identification:_identify(src/py_plotting) by extensions ['ros']
[0.646s] Level 1:colcon.colcon_core.package_identification:_identify(src/py_plotting) by extension 'ros'
[0.647s] DEBUG:colcon.colcon_core.package_identification:Package 'src/py_plotting' with type 'ros.ament_python' and name 'py_plotting'
[0.647s] Level 1:colcon.colcon_core.package_discovery:discover_packages(recursive) using defaults
[0.647s] Level 1:colcon.colcon_core.package_discovery:discover_packages(ignore) discover
[0.647s] Level 1:colcon.colcon_core.package_discovery:discover_packages(ignore) using defaults
[0.647s] Level 1:colcon.colcon_core.package_discovery:discover_packages(path) discover
[0.647s] Level 1:colcon.colcon_core.package_discovery:discover_packages(path) using defaults
[0.692s] Level 1:colcon.colcon_core.package_discovery:discover_packages(prefix_path) check parameters
[0.692s] Level 1:colcon.colcon_core.package_discovery:discover_packages(prefix_path) discover
[0.696s] DEBUG:colcon.colcon_installed_package_information.package_discovery:Found 2 installed packages in /home/quang/ros2_robotics_cpp/pub_plot/install
[0.698s] DEBUG:colcon.colcon_installed_package_information.package_discovery:Found 273 installed packages in /opt/ros/humble
[0.700s] Level 1:colcon.colcon_core.package_discovery:discover_packages(prefix_path) using defaults
[0.775s] Level 5:colcon.colcon_core.verb:set package 'pub_cpp' build argument 'cmake_args' from command line to 'None'
[0.775s] Level 5:colcon.colcon_core.verb:set package 'pub_cpp' build argument 'cmake_target' from command line to 'None'
[0.775s] Level 5:colcon.colcon_core.verb:set package 'pub_cpp' build argument 'cmake_target_skip_unavailable' from command line to 'False'
[0.775s] Level 5:colcon.colcon_core.verb:set package 'pub_cpp' build argument 'cmake_clean_cache' from command line to 'False'
[0.775s] Level 5:colcon.colcon_core.verb:set package 'pub_cpp' build argument 'cmake_clean_first' from command line to 'False'
[0.775s] Level 5:colcon.colcon_core.verb:set package 'pub_cpp' build argument 'cmake_force_configure' from command line to 'False'
[0.775s] Level 5:colcon.colcon_core.verb:set package 'pub_cpp' build argument 'meson_args' from command line to '[]'
[0.775s] Level 5:colcon.colcon_core.verb:set package 'pub_cpp' build argument 'ament_cmake_args' from command line to 'None'
[0.775s] Level 5:colcon.colcon_core.verb:set package 'pub_cpp' build argument 'catkin_cmake_args' from command line to 'None'
[0.775s] Level 5:colcon.colcon_core.verb:set package 'pub_cpp' build argument 'catkin_skip_building_tests' from command line to 'False'
[0.775s] DEBUG:colcon.colcon_core.verb:Building package 'pub_cpp' with the following arguments: {'ament_cmake_args': None, 'build_base': '/home/quang/ros2_robotics_cpp/pub_plot/build/pub_cpp', 'catkin_cmake_args': None, 'catkin_skip_building_tests': False, 'cmake_args': None, 'cmake_clean_cache': False, 'cmake_clean_first': False, 'cmake_force_configure': False, 'cmake_target': None, 'cmake_target_skip_unavailable': False, 'install_base': '/home/quang/ros2_robotics_cpp/pub_plot/install/pub_cpp', 'merge_install': False, 'meson_args': [], 'path': '/home/quang/ros2_robotics_cpp/pub_plot/src/pub_cpp', 'symlink_install': False, 'test_result_base': None}
[0.789s] Level 5:colcon.colcon_core.verb:set package 'py_plotting' build argument 'cmake_args' from command line to 'None'
[0.790s] Level 5:colcon.colcon_core.verb:set package 'py_plotting' build argument 'cmake_target' from command line to 'None'
[0.790s] Level 5:colcon.colcon_core.verb:set package 'py_plotting' build argument 'cmake_target_skip_unavailable' from command line to 'False'
[0.790s] Level 5:colcon.colcon_core.verb:set package 'py_plotting' build argument 'cmake_clean_cache' from command line to 'False'
[0.790s] Level 5:colcon.colcon_core.verb:set package 'py_plotting' build argument 'cmake_clean_first' from command line to 'False'
[0.790s] Level 5:colcon.colcon_core.verb:set package 'py_plotting' build argument 'cmake_force_configure' from command line to 'False'
[0.790s] Level 5:colcon.colcon_core.verb:set package 'py_plotting' build argument 'meson_args' from command line to '[]'
[0.790s] Level 5:colcon.colcon_core.verb:set package 'py_plotting' build argument 'ament_cmake_args' from command line to 'None'
[0.790s] Level 5:colcon.colcon_core.verb:set package 'py_plotting' build argument 'catkin_cmake_args' from command line to 'None'
[0.790s] Level 5:colcon.colcon_core.verb:set package 'py_plotting' build argument 'catkin_skip_building_tests' from command line to 'False'
[0.790s] DEBUG:colcon.colcon_core.verb:Building package 'py_plotting' with the following arguments: {'ament_cmake_args': None, 'build_base': '/home/quang/ros2_robotics_cpp/pub_plot/build/py_plotting', 'catkin_cmake_args': None, 'catkin_skip_building_tests': False, 'cmake_args': None, 'cmake_clean_cache': False, 'cmake_clean_first': False, 'cmake_force_configure': False, 'cmake_target': None, 'cmake_target_skip_unavailable': False, 'install_base': '/home/quang/ros2_robotics_cpp/pub_plot/install/py_plotting', 'merge_install': False, 'meson_args': [], 'path': '/home/quang/ros2_robotics_cpp/pub_plot/src/py_plotting', 'symlink_install': False, 'test_result_base': None}
[0.792s] INFO:colcon.colcon_core.executor:Executing jobs using 'parallel' executor
[0.800s] DEBUG:colcon.colcon_parallel_executor.executor.parallel:run_until_complete
[0.800s] INFO:colcon.colcon_ros.task.ament_cmake.build:Building ROS package in '/home/quang/ros2_robotics_cpp/pub_plot/src/pub_cpp' with build type 'ament_cmake'
[0.800s] INFO:colcon.colcon_cmake.task.cmake.build:Building CMake package in '/home/quang/ros2_robotics_cpp/pub_plot/src/pub_cpp'
[0.807s] INFO:colcon.colcon_core.plugin_system:Skipping extension 'colcon_core.shell.bat': Not used on non-Windows systems
[0.807s] INFO:colcon.colcon_core.shell:Skip shell extension 'powershell' for command environment: Not usable outside of PowerShell
[0.807s] DEBUG:colcon.colcon_core.shell:Skip shell extension 'dsv' for command environment
[0.814s] INFO:colcon.colcon_ros.task.ament_python.build:Building ROS package in '/home/quang/ros2_robotics_cpp/pub_plot/src/py_plotting' with build type 'ament_python'
[0.814s] Level 1:colcon.colcon_core.shell:create_environment_hook('py_plotting', 'ament_prefix_path')
[0.818s] INFO:colcon.colcon_core.shell:Creating environment hook '/home/quang/ros2_robotics_cpp/pub_plot/install/py_plotting/share/py_plotting/hook/ament_prefix_path.ps1'
[0.819s] INFO:colcon.colcon_core.shell:Creating environment descriptor '/home/quang/ros2_robotics_cpp/pub_plot/install/py_plotting/share/py_plotting/hook/ament_prefix_path.dsv'
[0.819s] INFO:colcon.colcon_core.shell:Creating environment hook '/home/quang/ros2_robotics_cpp/pub_plot/install/py_plotting/share/py_plotting/hook/ament_prefix_path.sh'
[0.823s] INFO:colcon.colcon_core.shell:Skip shell extension 'powershell' for command environment: Not usable outside of PowerShell
[0.823s] DEBUG:colcon.colcon_core.shell:Skip shell extension 'dsv' for command environment
[0.836s] DEBUG:colcon.colcon_core.event_handler.log_command:Invoking command in '/home/quang/ros2_robotics_cpp/pub_plot/build/pub_cpp': CMAKE_PREFIX_PATH=${CMAKE_PREFIX_PATH}:/opt/ros/humble:/home/quang/ros2_robotics_cpp/pub_plot/install/py_plotting /usr/bin/cmake --build /home/quang/ros2_robotics_cpp/pub_plot/build/pub_cpp -- -j8 -l8
[1.128s] INFO:colcon.colcon_core.task.python.build:Building Python package in '/home/quang/ros2_robotics_cpp/pub_plot/src/py_plotting'
[1.132s] INFO:colcon.colcon_core.shell:Skip shell extension 'powershell' for command environment: Not usable outside of PowerShell
[1.132s] DEBUG:colcon.colcon_core.shell:Skip shell extension 'dsv' for command environment
[1.501s] DEBUG:colcon.colcon_core.event_handler.log_command:Invoking command in '/home/quang/ros2_robotics_cpp/pub_plot/src/py_plotting': PYTHONPATH=/home/quang/ros2_robotics_cpp/pub_plot/build/py_plotting/prefix_override:/home/quang/ros2_robotics_cpp/pub_plot/install/py_plotting/lib/python3.10/site-packages:${PYTHONPATH} /usr/bin/python3 setup.py egg_info --egg-base ../../build/py_plotting build --build-base /home/quang/ros2_robotics_cpp/pub_plot/build/py_plotting/build install --record /home/quang/ros2_robotics_cpp/pub_plot/build/py_plotting/install.log --single-version-externally-managed
[1.536s] DEBUG:colcon.colcon_core.event_handler.log_command:Invoked command in '/home/quang/ros2_robotics_cpp/pub_plot/build/pub_cpp' returned '0': CMAKE_PREFIX_PATH=${CMAKE_PREFIX_PATH}:/opt/ros/humble:/home/quang/ros2_robotics_cpp/pub_plot/install/py_plotting /usr/bin/cmake --build /home/quang/ros2_robotics_cpp/pub_plot/build/pub_cpp -- -j8 -l8
[1.565s] DEBUG:colcon.colcon_core.event_handler.log_command:Invoking command in '/home/quang/ros2_robotics_cpp/pub_plot/build/pub_cpp': CMAKE_PREFIX_PATH=${CMAKE_PREFIX_PATH}:/opt/ros/humble:/home/quang/ros2_robotics_cpp/pub_plot/install/py_plotting /usr/bin/cmake --install /home/quang/ros2_robotics_cpp/pub_plot/build/pub_cpp
[1.575s] Level 1:colcon.colcon_core.environment:create_environment_scripts_only(pub_cpp)
[1.576s] DEBUG:colcon.colcon_core.event_handler.log_command:Invoked command in '/home/quang/ros2_robotics_cpp/pub_plot/build/pub_cpp' returned '0': CMAKE_PREFIX_PATH=${CMAKE_PREFIX_PATH}:/opt/ros/humble:/home/quang/ros2_robotics_cpp/pub_plot/install/py_plotting /usr/bin/cmake --install /home/quang/ros2_robotics_cpp/pub_plot/build/pub_cpp
[1.584s] Level 1:colcon.colcon_core.environment:checking '/home/quang/ros2_robotics_cpp/pub_plot/install/pub_cpp' for CMake module files
[1.584s] Level 1:colcon.colcon_core.environment:checking '/home/quang/ros2_robotics_cpp/pub_plot/install/pub_cpp' for CMake config files
[1.585s] Level 1:colcon.colcon_core.shell:create_environment_hook('pub_cpp', 'cmake_prefix_path')
[1.588s] INFO:colcon.colcon_core.shell:Creating environment hook '/home/quang/ros2_robotics_cpp/pub_plot/install/pub_cpp/share/pub_cpp/hook/cmake_prefix_path.ps1'
[1.589s] INFO:colcon.colcon_core.shell:Creating environment descriptor '/home/quang/ros2_robotics_cpp/pub_plot/install/pub_cpp/share/pub_cpp/hook/cmake_prefix_path.dsv'
[1.589s] INFO:colcon.colcon_core.shell:Creating environment hook '/home/quang/ros2_robotics_cpp/pub_plot/install/pub_cpp/share/pub_cpp/hook/cmake_prefix_path.sh'
[1.590s] Level 1:colcon.colcon_core.environment:checking '/home/quang/ros2_robotics_cpp/pub_plot/install/pub_cpp/lib'
[1.590s] Level 1:colcon.colcon_core.environment:checking '/home/quang/ros2_robotics_cpp/pub_plot/install/pub_cpp/bin'
[1.590s] Level 1:colcon.colcon_core.environment:checking '/home/quang/ros2_robotics_cpp/pub_plot/install/pub_cpp/lib/pkgconfig/pub_cpp.pc'
[1.591s] Level 1:colcon.colcon_core.environment:checking '/home/quang/ros2_robotics_cpp/pub_plot/install/pub_cpp/lib/python3.10/site-packages'
[1.591s] Level 1:colcon.colcon_core.environment:checking '/home/quang/ros2_robotics_cpp/pub_plot/install/pub_cpp/bin'
[1.595s] INFO:colcon.colcon_core.shell:Creating package script '/home/quang/ros2_robotics_cpp/pub_plot/install/pub_cpp/share/pub_cpp/package.ps1'
[1.595s] INFO:colcon.colcon_core.shell:Creating package descriptor '/home/quang/ros2_robotics_cpp/pub_plot/install/pub_cpp/share/pub_cpp/package.dsv'
[1.596s] INFO:colcon.colcon_core.shell:Creating package script '/home/quang/ros2_robotics_cpp/pub_plot/install/pub_cpp/share/pub_cpp/package.sh'
[1.597s] INFO:colcon.colcon_core.shell:Creating package script '/home/quang/ros2_robotics_cpp/pub_plot/install/pub_cpp/share/pub_cpp/package.bash'
[1.597s] INFO:colcon.colcon_core.shell:Creating package script '/home/quang/ros2_robotics_cpp/pub_plot/install/pub_cpp/share/pub_cpp/package.zsh'
[1.598s] Level 1:colcon.colcon_core.environment:create_file_with_runtime_dependencies(/home/quang/ros2_robotics_cpp/pub_plot/install/pub_cpp/share/colcon-core/packages/pub_cpp)
[1.622s] Level 1:colcon.colcon_core.environment:create_environment_scripts_only(pub_cpp)
[1.628s] Level 1:colcon.colcon_core.environment:checking '/home/quang/ros2_robotics_cpp/pub_plot/install/pub_cpp' for CMake module files
[1.629s] Level 1:colcon.colcon_core.environment:checking '/home/quang/ros2_robotics_cpp/pub_plot/install/pub_cpp' for CMake config files
[1.629s] Level 1:colcon.colcon_core.shell:create_environment_hook('pub_cpp', 'cmake_prefix_path')
[1.633s] INFO:colcon.colcon_core.shell:Creating environment hook '/home/quang/ros2_robotics_cpp/pub_plot/install/pub_cpp/share/pub_cpp/hook/cmake_prefix_path.ps1'
[1.634s] INFO:colcon.colcon_core.shell:Creating environment descriptor '/home/quang/ros2_robotics_cpp/pub_plot/install/pub_cpp/share/pub_cpp/hook/cmake_prefix_path.dsv'
[1.634s] INFO:colcon.colcon_core.shell:Creating environment hook '/home/quang/ros2_robotics_cpp/pub_plot/install/pub_cpp/share/pub_cpp/hook/cmake_prefix_path.sh'
[1.635s] Level 1:colcon.colcon_core.environment:checking '/home/quang/ros2_robotics_cpp/pub_plot/install/pub_cpp/lib'
[1.635s] Level 1:colcon.colcon_core.environment:checking '/home/quang/ros2_robotics_cpp/pub_plot/install/pub_cpp/bin'
[1.635s] Level 1:colcon.colcon_core.environment:checking '/home/quang/ros2_robotics_cpp/pub_plot/install/pub_cpp/lib/pkgconfig/pub_cpp.pc'
[1.635s] Level 1:colcon.colcon_core.environment:checking '/home/quang/ros2_robotics_cpp/pub_plot/install/pub_cpp/lib/python3.10/site-packages'
[1.635s] Level 1:colcon.colcon_core.environment:checking '/home/quang/ros2_robotics_cpp/pub_plot/install/pub_cpp/bin'
[1.639s] INFO:colcon.colcon_core.shell:Creating package script '/home/quang/ros2_robotics_cpp/pub_plot/install/pub_cpp/share/pub_cpp/package.ps1'
[1.639s] INFO:colcon.colcon_core.shell:Creating package descriptor '/home/quang/ros2_robotics_cpp/pub_plot/install/pub_cpp/share/pub_cpp/package.dsv'
[1.640s] INFO:colcon.colcon_core.shell:Creating package script '/home/quang/ros2_robotics_cpp/pub_plot/install/pub_cpp/share/pub_cpp/package.sh'
[1.640s] INFO:colcon.colcon_core.shell:Creating package script '/home/quang/ros2_robotics_cpp/pub_plot/install/pub_cpp/share/pub_cpp/package.bash'
[1.641s] INFO:colcon.colcon_core.shell:Creating package script '/home/quang/ros2_robotics_cpp/pub_plot/install/pub_cpp/share/pub_cpp/package.zsh'
[1.641s] Level 1:colcon.colcon_core.environment:create_file_with_runtime_dependencies(/home/quang/ros2_robotics_cpp/pub_plot/install/pub_cpp/share/colcon-core/packages/pub_cpp)
[1.822s] Level 1:colcon.colcon_core.environment:checking '/home/quang/ros2_robotics_cpp/pub_plot/install/py_plotting' for CMake module files
[1.822s] DEBUG:colcon.colcon_core.event_handler.log_command:Invoked command in '/home/quang/ros2_robotics_cpp/pub_plot/src/py_plotting' returned '0': PYTHONPATH=/home/quang/ros2_robotics_cpp/pub_plot/build/py_plotting/prefix_override:/home/quang/ros2_robotics_cpp/pub_plot/install/py_plotting/lib/python3.10/site-packages:${PYTHONPATH} /usr/bin/python3 setup.py egg_info --egg-base ../../build/py_plotting build --build-base /home/quang/ros2_robotics_cpp/pub_plot/build/py_plotting/build install --record /home/quang/ros2_robotics_cpp/pub_plot/build/py_plotting/install.log --single-version-externally-managed
[1.823s] Level 1:colcon.colcon_core.environment:checking '/home/quang/ros2_robotics_cpp/pub_plot/install/py_plotting' for CMake config files
[1.823s] Level 1:colcon.colcon_core.environment:checking '/home/quang/ros2_robotics_cpp/pub_plot/install/py_plotting/lib'
[1.823s] Level 1:colcon.colcon_core.environment:checking '/home/quang/ros2_robotics_cpp/pub_plot/install/py_plotting/bin'
[1.823s] Level 1:colcon.colcon_core.environment:checking '/home/quang/ros2_robotics_cpp/pub_plot/install/py_plotting/lib/pkgconfig/py_plotting.pc'
[1.824s] Level 1:colcon.colcon_core.environment:checking '/home/quang/ros2_robotics_cpp/pub_plot/install/py_plotting/lib/python3.10/site-packages'
[1.824s] Level 1:colcon.colcon_core.shell:create_environment_hook('py_plotting', 'pythonpath')
[1.827s] INFO:colcon.colcon_core.shell:Creating environment hook '/home/quang/ros2_robotics_cpp/pub_plot/install/py_plotting/share/py_plotting/hook/pythonpath.ps1'
[1.828s] INFO:colcon.colcon_core.shell:Creating environment descriptor '/home/quang/ros2_robotics_cpp/pub_plot/install/py_plotting/share/py_plotting/hook/pythonpath.dsv'
[1.828s] INFO:colcon.colcon_core.shell:Creating environment hook '/home/quang/ros2_robotics_cpp/pub_plot/install/py_plotting/share/py_plotting/hook/pythonpath.sh'
[1.829s] Level 1:colcon.colcon_core.environment:checking '/home/quang/ros2_robotics_cpp/pub_plot/install/py_plotting/bin'
[1.829s] Level 1:colcon.colcon_core.environment:create_environment_scripts_only(py_plotting)
[1.833s] INFO:colcon.colcon_core.shell:Creating package script '/home/quang/ros2_robotics_cpp/pub_plot/install/py_plotting/share/py_plotting/package.ps1'
[1.833s] INFO:colcon.colcon_core.shell:Creating package descriptor '/home/quang/ros2_robotics_cpp/pub_plot/install/py_plotting/share/py_plotting/package.dsv'
[1.834s] INFO:colcon.colcon_core.shell:Creating package script '/home/quang/ros2_robotics_cpp/pub_plot/install/py_plotting/share/py_plotting/package.sh'
[1.834s] INFO:colcon.colcon_core.shell:Creating package script '/home/quang/ros2_robotics_cpp/pub_plot/install/py_plotting/share/py_plotting/package.bash'
[1.835s] INFO:colcon.colcon_core.shell:Creating package script '/home/quang/ros2_robotics_cpp/pub_plot/install/py_plotting/share/py_plotting/package.zsh'
[1.835s] Level 1:colcon.colcon_core.environment:create_file_with_runtime_dependencies(/home/quang/ros2_robotics_cpp/pub_plot/install/py_plotting/share/colcon-core/packages/py_plotting)
[1.835s] DEBUG:colcon.colcon_parallel_executor.executor.parallel:closing loop
[1.836s] DEBUG:colcon.colcon_parallel_executor.executor.parallel:loop closed
[1.836s] DEBUG:colcon.colcon_parallel_executor.executor.parallel:run_until_complete finished with '0'
[1.836s] DEBUG:colcon.colcon_core.event_reactor:joining thread
[1.841s] INFO:colcon.colcon_core.plugin_system:Skipping extension 'colcon_notification.desktop_notification.terminal_notifier': Not used on non-Darwin systems
[1.841s] INFO:colcon.colcon_core.plugin_system:Skipping extension 'colcon_notification.desktop_notification.win32': Not used on non-Windows systems
[1.841s] INFO:colcon.colcon_notification.desktop_notification:Sending desktop notification using 'notify2'
[1.851s] DEBUG:colcon.colcon_core.event_reactor:joined thread
[1.855s] INFO:colcon.colcon_core.shell:Creating prefix script '/home/quang/ros2_robotics_cpp/pub_plot/install/local_setup.ps1'
[1.856s] INFO:colcon.colcon_core.shell:Creating prefix util module '/home/quang/ros2_robotics_cpp/pub_plot/install/_local_setup_util_ps1.py'
[1.857s] INFO:colcon.colcon_core.shell:Creating prefix chain script '/home/quang/ros2_robotics_cpp/pub_plot/install/setup.ps1'
[1.860s] INFO:colcon.colcon_core.shell:Creating prefix script '/home/quang/ros2_robotics_cpp/pub_plot/install/local_setup.sh'
[1.861s] INFO:colcon.colcon_core.shell:Creating prefix util module '/home/quang/ros2_robotics_cpp/pub_plot/install/_local_setup_util_sh.py'
[1.861s] INFO:colcon.colcon_core.shell:Creating prefix chain script '/home/quang/ros2_robotics_cpp/pub_plot/install/setup.sh'
[1.864s] INFO:colcon.colcon_core.shell:Creating prefix script '/home/quang/ros2_robotics_cpp/pub_plot/install/local_setup.bash'
[1.864s] INFO:colcon.colcon_core.shell:Creating prefix chain script '/home/quang/ros2_robotics_cpp/pub_plot/install/setup.bash'
[1.866s] INFO:colcon.colcon_core.shell:Creating prefix script '/home/quang/ros2_robotics_cpp/pub_plot/install/local_setup.zsh'
[1.866s] INFO:colcon.colcon_core.shell:Creating prefix chain script '/home/quang/ros2_robotics_cpp/pub_plot/install/setup.zsh'
