[0.031s] Invoking command in '/home/quang/ros2_robotics_cpp/src/pub_plot/build/pub_cpp': CMAKE_PREFIX_PATH=${CMAKE_PREFIX_PATH}:/opt/ros/humble:/home/quang/ros2_robotics_cpp/src/pub_plot/install/py_plotting /usr/bin/cmake --build /home/quang/ros2_robotics_cpp/src/pub_plot/build/pub_cpp -- -j8 -l8
[0.067s] [35m[1mConsolidate compiler generated dependencies of target sin_pub[0m
[0.084s] [100%] Built target sin_pub
[0.331s] Invoked command in '/home/quang/ros2_robotics_cpp/src/pub_plot/build/pub_cpp' returned '0': CMAKE_PREFIX_PATH=${CMAKE_PREFIX_PATH}:/opt/ros/humble:/home/quang/ros2_robotics_cpp/src/pub_plot/install/py_plotting /usr/bin/cmake --build /home/quang/ros2_robotics_cpp/src/pub_plot/build/pub_cpp -- -j8 -l8
[0.360s] Invoking command in '/home/quang/ros2_robotics_cpp/src/pub_plot/build/pub_cpp': CMAKE_PREFIX_PATH=${CMAKE_PREFIX_PATH}:/opt/ros/humble:/home/quang/ros2_robotics_cpp/src/pub_plot/install/py_plotting /usr/bin/cmake --install /home/quang/ros2_robotics_cpp/src/pub_plot/build/pub_cpp
[0.367s] -- Install configuration: ""
[0.367s] -- Up-to-date: /home/quang/ros2_robotics_cpp/src/pub_plot/install/pub_cpp/lib/pub_cpp/sin_pub
[0.367s] -- Up-to-date: /home/quang/ros2_robotics_cpp/src/pub_plot/install/pub_cpp/share/ament_index/resource_index/package_run_dependencies/pub_cpp
[0.367s] -- Up-to-date: /home/quang/ros2_robotics_cpp/src/pub_plot/install/pub_cpp/share/ament_index/resource_index/parent_prefix_path/pub_cpp
[0.368s] -- Up-to-date: /home/quang/ros2_robotics_cpp/src/pub_plot/install/pub_cpp/share/pub_cpp/environment/ament_prefix_path.sh
[0.368s] -- Up-to-date: /home/quang/ros2_robotics_cpp/src/pub_plot/install/pub_cpp/share/pub_cpp/environment/ament_prefix_path.dsv
[0.368s] -- Up-to-date: /home/quang/ros2_robotics_cpp/src/pub_plot/install/pub_cpp/share/pub_cpp/environment/path.sh
[0.368s] -- Up-to-date: /home/quang/ros2_robotics_cpp/src/pub_plot/install/pub_cpp/share/pub_cpp/environment/path.dsv
[0.368s] -- Up-to-date: /home/quang/ros2_robotics_cpp/src/pub_plot/install/pub_cpp/share/pub_cpp/local_setup.bash
[0.368s] -- Up-to-date: /home/quang/ros2_robotics_cpp/src/pub_plot/install/pub_cpp/share/pub_cpp/local_setup.sh
[0.368s] -- Up-to-date: /home/quang/ros2_robotics_cpp/src/pub_plot/install/pub_cpp/share/pub_cpp/local_setup.zsh
[0.369s] -- Up-to-date: /home/quang/ros2_robotics_cpp/src/pub_plot/install/pub_cpp/share/pub_cpp/local_setup.dsv
[0.369s] -- Installing: /home/quang/ros2_robotics_cpp/src/pub_plot/install/pub_cpp/share/pub_cpp/package.dsv
[0.369s] -- Up-to-date: /home/quang/ros2_robotics_cpp/src/pub_plot/install/pub_cpp/share/ament_index/resource_index/packages/pub_cpp
[0.369s] -- Up-to-date: /home/quang/ros2_robotics_cpp/src/pub_plot/install/pub_cpp/share/pub_cpp/cmake/pub_cppConfig.cmake
[0.370s] -- Up-to-date: /home/quang/ros2_robotics_cpp/src/pub_plot/install/pub_cpp/share/pub_cpp/cmake/pub_cppConfig-version.cmake
[0.370s] -- Up-to-date: /home/quang/ros2_robotics_cpp/src/pub_plot/install/pub_cpp/share/pub_cpp/package.xml
[0.371s] Invoked command in '/home/quang/ros2_robotics_cpp/src/pub_plot/build/pub_cpp' returned '0': CMAKE_PREFIX_PATH=${CMAKE_PREFIX_PATH}:/opt/ros/humble:/home/quang/ros2_robotics_cpp/src/pub_plot/install/py_plotting /usr/bin/cmake --install /home/quang/ros2_robotics_cpp/src/pub_plot/build/pub_cpp
