[35m[1mConsolidate compiler generated dependencies of target sin_pub[0m
[ 50%] [32mBuilding CXX object CMakeFiles/sin_pub.dir/src/sin_pub.cpp.o[0m
[100%] [32m[1mLinking CXX executable sin_pub[0m
[100%] Built target sin_pub
-- Install configuration: ""
-- Installing: /home/quang/ros2_robotics_cpp/pub_plot/install/pub_cpp/lib/pub_cpp/sin_pub
-- Set runtime path of "/home/quang/ros2_robotics_cpp/pub_plot/install/pub_cpp/lib/pub_cpp/sin_pub" to ""
-- Up-to-date: /home/quang/ros2_robotics_cpp/pub_plot/install/pub_cpp/share/ament_index/resource_index/package_run_dependencies/pub_cpp
-- Up-to-date: /home/quang/ros2_robotics_cpp/pub_plot/install/pub_cpp/share/ament_index/resource_index/parent_prefix_path/pub_cpp
-- Up-to-date: /home/quang/ros2_robotics_cpp/pub_plot/install/pub_cpp/share/pub_cpp/environment/ament_prefix_path.sh
-- Up-to-date: /home/quang/ros2_robotics_cpp/pub_plot/install/pub_cpp/share/pub_cpp/environment/ament_prefix_path.dsv
-- Up-to-date: /home/quang/ros2_robotics_cpp/pub_plot/install/pub_cpp/share/pub_cpp/environment/path.sh
-- Up-to-date: /home/quang/ros2_robotics_cpp/pub_plot/install/pub_cpp/share/pub_cpp/environment/path.dsv
-- Up-to-date: /home/quang/ros2_robotics_cpp/pub_plot/install/pub_cpp/share/pub_cpp/local_setup.bash
-- Up-to-date: /home/quang/ros2_robotics_cpp/pub_plot/install/pub_cpp/share/pub_cpp/local_setup.sh
-- Up-to-date: /home/quang/ros2_robotics_cpp/pub_plot/install/pub_cpp/share/pub_cpp/local_setup.zsh
-- Up-to-date: /home/quang/ros2_robotics_cpp/pub_plot/install/pub_cpp/share/pub_cpp/local_setup.dsv
-- Installing: /home/quang/ros2_robotics_cpp/pub_plot/install/pub_cpp/share/pub_cpp/package.dsv
-- Up-to-date: /home/quang/ros2_robotics_cpp/pub_plot/install/pub_cpp/share/ament_index/resource_index/packages/pub_cpp
-- Up-to-date: /home/quang/ros2_robotics_cpp/pub_plot/install/pub_cpp/share/pub_cpp/cmake/pub_cppConfig.cmake
-- Up-to-date: /home/quang/ros2_robotics_cpp/pub_plot/install/pub_cpp/share/pub_cpp/cmake/pub_cppConfig-version.cmake
-- Up-to-date: /home/quang/ros2_robotics_cpp/pub_plot/install/pub_cpp/share/pub_cpp/package.xml
