[0.033s] Invoking command in '/home/quang/ros2_robotics_cpp/pub_plot/build/pub_cpp': CMAKE_PREFIX_PATH=${CMAKE_PREFIX_PATH}:/opt/ros/humble:/home/quang/ros2_robotics_cpp/pub_plot/install/py_plotting /usr/bin/cmake --build /home/quang/ros2_robotics_cpp/pub_plot/build/pub_cpp -- -j8 -l8
[0.072s] [35m[1mConsolidate compiler generated dependencies of target sin_pub[0m
[0.092s] [ 50%] [32mBuilding CXX object CMakeFiles/sin_pub.dir/src/sin_pub.cpp.o[0m
[2.432s] In file included from [01m[K/opt/ros/humble/include/rclcpp/rclcpp/logging.hpp:24[m[K,
[2.432s]                  from [01m[K/opt/ros/humble/include/rclcpp/rclcpp/client.hpp:40[m[K,
[2.432s]                  from [01m[K/opt/ros/humble/include/rclcpp/rclcpp/callback_group.hpp:23[m[K,
[2.432s]                  from [01m[K/opt/ros/humble/include/rclcpp/rclcpp/any_executable.hpp:20[m[K,
[2.432s]                  from [01m[K/opt/ros/humble/include/rclcpp/rclcpp/memory_strategy.hpp:25[m[K,
[2.432s]                  from [01m[K/opt/ros/humble/include/rclcpp/rclcpp/memory_strategies.hpp:18[m[K,
[2.432s]                  from [01m[K/opt/ros/humble/include/rclcpp/rclcpp/executor_options.hpp:20[m[K,
[2.433s]                  from [01m[K/opt/ros/humble/include/rclcpp/rclcpp/executor.hpp:37[m[K,
[2.433s]                  from [01m[K/opt/ros/humble/include/rclcpp/rclcpp/executors/multi_threaded_executor.hpp:25[m[K,
[2.433s]                  from [01m[K/opt/ros/humble/include/rclcpp/rclcpp/executors.hpp:21[m[K,
[2.433s]                  from [01m[K/opt/ros/humble/include/rclcpp/rclcpp/rclcpp.hpp:155[m[K,
[2.433s]                  from [01m[K/home/quang/ros2_robotics_cpp/pub_plot/src/pub_cpp/src/sin_pub.cpp:7[m[K:
[2.433s] [01m[K/home/quang/ros2_robotics_cpp/pub_plot/src/pub_cpp/src/sin_pub.cpp:[m[K In member function ‘[01m[Kvoid MinimalPublisher::run()[m[K’:
[2.433s] [01m[K/home/quang/ros2_robotics_cpp/pub_plot/src/pub_cpp/src/sin_pub.cpp:35:45:[m[K [01;35m[Kwarning: [m[Ktoo many arguments for format [[01;35m[K]8;;https://gcc.gnu.org/onlinedocs/gcc/Warning-Options.html#index-Wformat-extra-args-Wformat-extra-args]8;;[m[K]
[2.433s]    35 |             RCLCPP_INFO(this->get_logger(), [01;35m[K"Publishing: "[m[K,message->data);
[2.433s]       |                                             [01;35m[K^~~~~~~~~~~~~~[m[K
[4.256s] [100%] [32m[1mLinking CXX executable sin_pub[0m
[4.432s] [100%] Built target sin_pub
[4.455s] Invoked command in '/home/quang/ros2_robotics_cpp/pub_plot/build/pub_cpp' returned '0': CMAKE_PREFIX_PATH=${CMAKE_PREFIX_PATH}:/opt/ros/humble:/home/quang/ros2_robotics_cpp/pub_plot/install/py_plotting /usr/bin/cmake --build /home/quang/ros2_robotics_cpp/pub_plot/build/pub_cpp -- -j8 -l8
[4.484s] Invoking command in '/home/quang/ros2_robotics_cpp/pub_plot/build/pub_cpp': CMAKE_PREFIX_PATH=${CMAKE_PREFIX_PATH}:/opt/ros/humble:/home/quang/ros2_robotics_cpp/pub_plot/install/py_plotting /usr/bin/cmake --install /home/quang/ros2_robotics_cpp/pub_plot/build/pub_cpp
[4.491s] -- Install configuration: ""
[4.491s] -- Installing: /home/quang/ros2_robotics_cpp/pub_plot/install/pub_cpp/lib/pub_cpp/sin_pub
[4.492s] -- Set runtime path of "/home/quang/ros2_robotics_cpp/pub_plot/install/pub_cpp/lib/pub_cpp/sin_pub" to ""
[4.492s] -- Up-to-date: /home/quang/ros2_robotics_cpp/pub_plot/install/pub_cpp/share/ament_index/resource_index/package_run_dependencies/pub_cpp
[4.493s] -- Up-to-date: /home/quang/ros2_robotics_cpp/pub_plot/install/pub_cpp/share/ament_index/resource_index/parent_prefix_path/pub_cpp
[4.493s] -- Up-to-date: /home/quang/ros2_robotics_cpp/pub_plot/install/pub_cpp/share/pub_cpp/environment/ament_prefix_path.sh
[4.493s] -- Up-to-date: /home/quang/ros2_robotics_cpp/pub_plot/install/pub_cpp/share/pub_cpp/environment/ament_prefix_path.dsv
[4.493s] -- Up-to-date: /home/quang/ros2_robotics_cpp/pub_plot/install/pub_cpp/share/pub_cpp/environment/path.sh
[4.493s] -- Up-to-date: /home/quang/ros2_robotics_cpp/pub_plot/install/pub_cpp/share/pub_cpp/environment/path.dsv
[4.493s] -- Up-to-date: /home/quang/ros2_robotics_cpp/pub_plot/install/pub_cpp/share/pub_cpp/local_setup.bash
[4.493s] -- Up-to-date: /home/quang/ros2_robotics_cpp/pub_plot/install/pub_cpp/share/pub_cpp/local_setup.sh
[4.493s] -- Up-to-date: /home/quang/ros2_robotics_cpp/pub_plot/install/pub_cpp/share/pub_cpp/local_setup.zsh
[4.493s] -- Up-to-date: /home/quang/ros2_robotics_cpp/pub_plot/install/pub_cpp/share/pub_cpp/local_setup.dsv
[4.493s] -- Installing: /home/quang/ros2_robotics_cpp/pub_plot/install/pub_cpp/share/pub_cpp/package.dsv
[4.493s] -- Up-to-date: /home/quang/ros2_robotics_cpp/pub_plot/install/pub_cpp/share/ament_index/resource_index/packages/pub_cpp
[4.493s] -- Up-to-date: /home/quang/ros2_robotics_cpp/pub_plot/install/pub_cpp/share/pub_cpp/cmake/pub_cppConfig.cmake
[4.493s] -- Up-to-date: /home/quang/ros2_robotics_cpp/pub_plot/install/pub_cpp/share/pub_cpp/cmake/pub_cppConfig-version.cmake
[4.494s] -- Up-to-date: /home/quang/ros2_robotics_cpp/pub_plot/install/pub_cpp/share/pub_cpp/package.xml
[4.500s] Invoked command in '/home/quang/ros2_robotics_cpp/pub_plot/build/pub_cpp' returned '0': CMAKE_PREFIX_PATH=${CMAKE_PREFIX_PATH}:/opt/ros/humble:/home/quang/ros2_robotics_cpp/pub_plot/install/py_plotting /usr/bin/cmake --install /home/quang/ros2_robotics_cpp/pub_plot/build/pub_cpp
