running egg_info
creating ../../build/py_plotting/py_plotting.egg-info
writing ../../build/py_plotting/py_plotting.egg-info/PKG-INFO
writing dependency_links to ../../build/py_plotting/py_plotting.egg-info/dependency_links.txt
writing entry points to ../../build/py_plotting/py_plotting.egg-info/entry_points.txt
writing requirements to ../../build/py_plotting/py_plotting.egg-info/requires.txt
writing top-level names to ../../build/py_plotting/py_plotting.egg-info/top_level.txt
writing manifest file '../../build/py_plotting/py_plotting.egg-info/SOURCES.txt'
reading manifest file '../../build/py_plotting/py_plotting.egg-info/SOURCES.txt'
writing manifest file '../../build/py_plotting/py_plotting.egg-info/SOURCES.txt'
running build
running build_py
creating /home/quang/ros2_robotics_cpp/src/pub_plot/build/py_plotting/build
creating /home/quang/ros2_robotics_cpp/src/pub_plot/build/py_plotting/build/lib
creating /home/quang/ros2_robotics_cpp/src/pub_plot/build/py_plotting/build/lib/py_plotting
copying py_plotting/__init__.py -> /home/quang/ros2_robotics_cpp/src/pub_plot/build/py_plotting/build/lib/py_plotting
running install
running install_lib
creating /home/quang/ros2_robotics_cpp/src/pub_plot/install/py_plotting/lib/python3.10/site-packages/py_plotting
copying /home/quang/ros2_robotics_cpp/src/pub_plot/build/py_plotting/build/lib/py_plotting/__init__.py -> /home/quang/ros2_robotics_cpp/src/pub_plot/install/py_plotting/lib/python3.10/site-packages/py_plotting
byte-compiling /home/quang/ros2_robotics_cpp/src/pub_plot/install/py_plotting/lib/python3.10/site-packages/py_plotting/__init__.py to __init__.cpython-310.pyc
running install_data
creating /home/quang/ros2_robotics_cpp/src/pub_plot/install/py_plotting/share/ament_index
creating /home/quang/ros2_robotics_cpp/src/pub_plot/install/py_plotting/share/ament_index/resource_index
creating /home/quang/ros2_robotics_cpp/src/pub_plot/install/py_plotting/share/ament_index/resource_index/packages
copying resource/py_plotting -> /home/quang/ros2_robotics_cpp/src/pub_plot/install/py_plotting/share/ament_index/resource_index/packages
copying package.xml -> /home/quang/ros2_robotics_cpp/src/pub_plot/install/py_plotting/share/py_plotting
running install_egg_info
Copying ../../build/py_plotting/py_plotting.egg-info to /home/quang/ros2_robotics_cpp/src/pub_plot/install/py_plotting/lib/python3.10/site-packages/py_plotting-0.0.0-py3.10.egg-info
running install_scripts
writing list of installed files to '/home/quang/ros2_robotics_cpp/src/pub_plot/build/py_plotting/install.log'
