[0.721s] Invoking command in '/home/quang/ros2_robotics_cpp/src/pub_plot/src/py_plotting': PYTHONPATH=/home/quang/ros2_robotics_cpp/src/pub_plot/build/py_plotting/prefix_override:/home/quang/ros2_robotics_cpp/src/pub_plot/install/py_plotting/lib/python3.10/site-packages:${PYTHONPATH} /usr/bin/python3 setup.py egg_info --egg-base ../../build/py_plotting build --build-base /home/quang/ros2_robotics_cpp/src/pub_plot/build/py_plotting/build install --record /home/quang/ros2_robotics_cpp/src/pub_plot/build/py_plotting/install.log --single-version-externally-managed
[0.996s] running egg_info
[0.997s] creating ../../build/py_plotting/py_plotting.egg-info
[0.997s] writing ../../build/py_plotting/py_plotting.egg-info/PKG-INFO
[0.997s] writing dependency_links to ../../build/py_plotting/py_plotting.egg-info/dependency_links.txt
[0.997s] writing entry points to ../../build/py_plotting/py_plotting.egg-info/entry_points.txt
[0.998s] writing requirements to ../../build/py_plotting/py_plotting.egg-info/requires.txt
[0.998s] writing top-level names to ../../build/py_plotting/py_plotting.egg-info/top_level.txt
[0.998s] writing manifest file '../../build/py_plotting/py_plotting.egg-info/SOURCES.txt'
[1.000s] reading manifest file '../../build/py_plotting/py_plotting.egg-info/SOURCES.txt'
[1.001s] writing manifest file '../../build/py_plotting/py_plotting.egg-info/SOURCES.txt'
[1.001s] running build
[1.001s] running build_py
[1.001s] creating /home/quang/ros2_robotics_cpp/src/pub_plot/build/py_plotting/build
[1.001s] creating /home/quang/ros2_robotics_cpp/src/pub_plot/build/py_plotting/build/lib
[1.001s] creating /home/quang/ros2_robotics_cpp/src/pub_plot/build/py_plotting/build/lib/py_plotting
[1.001s] copying py_plotting/__init__.py -> /home/quang/ros2_robotics_cpp/src/pub_plot/build/py_plotting/build/lib/py_plotting
[1.002s] running install
[1.002s] running install_lib
[1.003s] creating /home/quang/ros2_robotics_cpp/src/pub_plot/install/py_plotting/lib/python3.10/site-packages/py_plotting
[1.003s] copying /home/quang/ros2_robotics_cpp/src/pub_plot/build/py_plotting/build/lib/py_plotting/__init__.py -> /home/quang/ros2_robotics_cpp/src/pub_plot/install/py_plotting/lib/python3.10/site-packages/py_plotting
[1.004s] byte-compiling /home/quang/ros2_robotics_cpp/src/pub_plot/install/py_plotting/lib/python3.10/site-packages/py_plotting/__init__.py to __init__.cpython-310.pyc
[1.004s] running install_data
[1.005s] creating /home/quang/ros2_robotics_cpp/src/pub_plot/install/py_plotting/share/ament_index
[1.005s] creating /home/quang/ros2_robotics_cpp/src/pub_plot/install/py_plotting/share/ament_index/resource_index
[1.005s] creating /home/quang/ros2_robotics_cpp/src/pub_plot/install/py_plotting/share/ament_index/resource_index/packages
[1.005s] copying resource/py_plotting -> /home/quang/ros2_robotics_cpp/src/pub_plot/install/py_plotting/share/ament_index/resource_index/packages
[1.005s] copying package.xml -> /home/quang/ros2_robotics_cpp/src/pub_plot/install/py_plotting/share/py_plotting
[1.005s] running install_egg_info
[1.008s] Copying ../../build/py_plotting/py_plotting.egg-info to /home/quang/ros2_robotics_cpp/src/pub_plot/install/py_plotting/lib/python3.10/site-packages/py_plotting-0.0.0-py3.10.egg-info
[1.009s] running install_scripts
[1.041s] writing list of installed files to '/home/quang/ros2_robotics_cpp/src/pub_plot/build/py_plotting/install.log'
[1.078s] Invoked command in '/home/quang/ros2_robotics_cpp/src/pub_plot/src/py_plotting' returned '0': PYTHONPATH=/home/quang/ros2_robotics_cpp/src/pub_plot/build/py_plotting/prefix_override:/home/quang/ros2_robotics_cpp/src/pub_plot/install/py_plotting/lib/python3.10/site-packages:${PYTHONPATH} /usr/bin/python3 setup.py egg_info --egg-base ../../build/py_plotting build --build-base /home/quang/ros2_robotics_cpp/src/pub_plot/build/py_plotting/build install --record /home/quang/ros2_robotics_cpp/src/pub_plot/build/py_plotting/install.log --single-version-externally-managed
